<?xml version="1.0" encoding="UTF-8"?>
<testsuite xmlns:xsi="http://www.w3.org/2001/XMLSchema-instance" xsi:noNamespaceSchemaLocation="https://maven.apache.org/surefire/maven-surefire-plugin/xsd/surefire-test-report-3.0.xsd" version="3.0" name="com.nhnacademy.bookstore.purchase.purchase.repository.PurchaseRepositoryTest" time="1.851" tests="2" errors="0" skipped="0" failures="0">
  <properties>
[...]
</properties>
  <testcase name="findPurchasesByMember" classname="com.nhnacademy.bookstore.purchase.purchase.repository.PurchaseRepositoryTest" time="0.903">
    <system-out><![CDATA[2024-06-26T02:18:03.895+09:00  INFO 38852 --- [3runner-bookstore] [           main] t.c.s.AnnotationConfigContextLoaderUtils : Could not detect default configuration classes for test class [com.nhnacademy.bookstore.purchase.purchase.repository.PurchaseRepositoryTest]: PurchaseRepositoryTest does not declare any static, non-private, non-final, nested classes annotated with @Configuration.
2024-06-26T02:18:03.904+09:00  INFO 38852 --- [3runner-bookstore] [           main] .b.t.c.SpringBootTestContextBootstrapper : Found @SpringBootConfiguration com.nhnacademy.bookstore.BookStore for test class com.nhnacademy.bookstore.purchase.purchase.repository.PurchaseRepositoryTest
2024-06-26T02:18:03.926+09:00 TRACE 38852 --- [3runner-bookstore] [           main] o.s.t.i.TransactionInterceptor           : Getting transaction for [com.nhnacademy.bookstore.member.member.service.impl.MemberServiceImpl.save]
2024-06-26T02:18:03.926+09:00 TRACE 38852 --- [3runner-bookstore] [           main] o.s.t.i.TransactionInterceptor           : Getting transaction for [org.springframework.data.jpa.repository.support.SimpleJpaRepository.save]
&amp#27;[35m[Hibernate]&amp#27;[0m 
    /* &amp#27;[34minsert&amp#27;[0m &amp#27;[34mfor&amp#27;[0m
        com.nhnacademy.bookstore.entity.&amp#27;[34mmember&amp#27;[0m.&amp#27;[34mMember&amp#27;[0m */&amp#27;[34minsert&amp#27;[0m 
    &amp#27;[34minto&amp#27;[0m
        &amp#27;[32m`member`&amp#27;[0m (
            age, birthday, created_at, deleted_at, email, grade, last_login_date, modified_at, name, password, phone, point, status
        ) 
    &amp#27;[34mvalues&amp#27;[0m
        (?, ?, ?, ?, ?, ?, ?, ?, ?, ?, ?, ?, ?)
2024-06-26T02:18:03.928+09:00 TRACE 38852 --- [3runner-bookstore] [           main] org.hibernate.orm.jdbc.bind              : binding parameter (1:INTEGER) <- [1]
2024-06-26T02:18:03.929+09:00 TRACE 38852 --- [3runner-bookstore] [           main] org.hibernate.orm.jdbc.bind              : binding parameter (2:TIMESTAMP_UTC) <- [2024-06-26T02:18:03.906713+09:00[Asia/Seoul]]
2024-06-26T02:18:03.929+09:00 TRACE 38852 --- [3runner-bookstore] [           main] org.hibernate.orm.jdbc.bind              : binding parameter (3:TIMESTAMP_UTC) <- [2024-06-26T02:18:03.906744+09:00[Asia/Seoul]]
2024-06-26T02:18:03.929+09:00 TRACE 38852 --- [3runner-bookstore] [           main] org.hibernate.orm.jdbc.bind              : binding parameter (4:TIMESTAMP_UTC) <- [null]
2024-06-26T02:18:03.929+09:00 TRACE 38852 --- [3runner-bookstore] [           main] org.hibernate.orm.jdbc.bind              : binding parameter (5:VARCHAR) <- [dfdaf@nav.com]
2024-06-26T02:18:03.929+09:00 TRACE 38852 --- [3runner-bookstore] [           main] org.hibernate.orm.jdbc.bind              : binding parameter (6:TINYINT) <- [General]
2024-06-26T02:18:03.929+09:00 TRACE 38852 --- [3runner-bookstore] [           main] org.hibernate.orm.jdbc.bind              : binding parameter (7:TIMESTAMP_UTC) <- [null]
2024-06-26T02:18:03.929+09:00 TRACE 38852 --- [3runner-bookstore] [           main] org.hibernate.orm.jdbc.bind              : binding parameter (8:TIMESTAMP_UTC) <- [null]
2024-06-26T02:18:03.929+09:00 TRACE 38852 --- [3runner-bookstore] [           main] org.hibernate.orm.jdbc.bind              : binding parameter (9:VARCHAR) <- [1]
2024-06-26T02:18:03.929+09:00 TRACE 38852 --- [3runner-bookstore] [           main] org.hibernate.orm.jdbc.bind              : binding parameter (10:VARCHAR) <- [1]
2024-06-26T02:18:03.929+09:00 TRACE 38852 --- [3runner-bookstore] [           main] org.hibernate.orm.jdbc.bind              : binding parameter (11:VARCHAR) <- [1]
2024-06-26T02:18:03.929+09:00 TRACE 38852 --- [3runner-bookstore] [           main] org.hibernate.orm.jdbc.bind              : binding parameter (12:BIGINT) <- [5000]
2024-06-26T02:18:03.929+09:00 TRACE 38852 --- [3runner-bookstore] [           main] org.hibernate.orm.jdbc.bind              : binding parameter (13:TINYINT) <- [Active]
2024-06-26T02:18:03.942+09:00 TRACE 38852 --- [3runner-bookstore] [           main] o.s.t.i.TransactionInterceptor           : Completing transaction for [org.springframework.data.jpa.repository.support.SimpleJpaRepository.save]
2024-06-26T02:18:03.942+09:00 TRACE 38852 --- [3runner-bookstore] [           main] o.s.t.i.TransactionInterceptor           : Completing transaction for [com.nhnacademy.bookstore.member.member.service.impl.MemberServiceImpl.save]
2024-06-26T02:18:04.000+09:00 TRACE 38852 --- [3runner-bookstore] [           main] o.s.t.i.TransactionInterceptor           : Getting transaction for [com.nhnacademy.bookstore.member.member.service.impl.MemberServiceImpl.save]
2024-06-26T02:18:04.000+09:00 TRACE 38852 --- [3runner-bookstore] [           main] o.s.t.i.TransactionInterceptor           : Getting transaction for [org.springframework.data.jpa.repository.support.SimpleJpaRepository.save]
&amp#27;[35m[Hibernate]&amp#27;[0m 
    /* &amp#27;[34minsert&amp#27;[0m &amp#27;[34mfor&amp#27;[0m
        com.nhnacademy.bookstore.entity.&amp#27;[34mmember&amp#27;[0m.&amp#27;[34mMember&amp#27;[0m */&amp#27;[34minsert&amp#27;[0m 
    &amp#27;[34minto&amp#27;[0m
        &amp#27;[32m`member`&amp#27;[0m (
            age, birthday, created_at, deleted_at, email, grade, last_login_date, modified_at, name, password, phone, point, status
        ) 
    &amp#27;[34mvalues&amp#27;[0m
        (?, ?, ?, ?, ?, ?, ?, ?, ?, ?, ?, ?, ?)
2024-06-26T02:18:04.001+09:00 TRACE 38852 --- [3runner-bookstore] [           main] org.hibernate.orm.jdbc.bind              : binding parameter (1:INTEGER) <- [1]
2024-06-26T02:18:04.001+09:00 TRACE 38852 --- [3runner-bookstore] [           main] org.hibernate.orm.jdbc.bind              : binding parameter (2:TIMESTAMP_UTC) <- [2024-06-26T02:18:03.906748+09:00[Asia/Seoul]]
2024-06-26T02:18:04.001+09:00 TRACE 38852 --- [3runner-bookstore] [           main] org.hibernate.orm.jdbc.bind              : binding parameter (3:TIMESTAMP_UTC) <- [2024-06-26T02:18:03.906752+09:00[Asia/Seoul]]
2024-06-26T02:18:04.001+09:00 TRACE 38852 --- [3runner-bookstore] [           main] org.hibernate.orm.jdbc.bind              : binding parameter (4:TIMESTAMP_UTC) <- [null]
2024-06-26T02:18:04.001+09:00 TRACE 38852 --- [3runner-bookstore] [           main] org.hibernate.orm.jdbc.bind              : binding parameter (5:VARCHAR) <- [dfdadf@nav.com]
2024-06-26T02:18:04.001+09:00 TRACE 38852 --- [3runner-bookstore] [           main] org.hibernate.orm.jdbc.bind              : binding parameter (6:TINYINT) <- [General]
2024-06-26T02:18:04.001+09:00 TRACE 38852 --- [3runner-bookstore] [           main] org.hibernate.orm.jdbc.bind              : binding parameter (7:TIMESTAMP_UTC) <- [null]
2024-06-26T02:18:04.001+09:00 TRACE 38852 --- [3runner-bookstore] [           main] org.hibernate.orm.jdbc.bind              : binding parameter (8:TIMESTAMP_UTC) <- [null]
2024-06-26T02:18:04.001+09:00 TRACE 38852 --- [3runner-bookstore] [           main] org.hibernate.orm.jdbc.bind              : binding parameter (9:VARCHAR) <- [1]
2024-06-26T02:18:04.001+09:00 TRACE 38852 --- [3runner-bookstore] [           main] org.hibernate.orm.jdbc.bind              : binding parameter (10:VARCHAR) <- [1]
2024-06-26T02:18:04.001+09:00 TRACE 38852 --- [3runner-bookstore] [           main] org.hibernate.orm.jdbc.bind              : binding parameter (11:VARCHAR) <- [1]
2024-06-26T02:18:04.001+09:00 TRACE 38852 --- [3runner-bookstore] [           main] org.hibernate.orm.jdbc.bind              : binding parameter (12:BIGINT) <- [5000]
2024-06-26T02:18:04.001+09:00 TRACE 38852 --- [3runner-bookstore] [           main] org.hibernate.orm.jdbc.bind              : binding parameter (13:TINYINT) <- [Active]
2024-06-26T02:18:04.011+09:00 TRACE 38852 --- [3runner-bookstore] [           main] o.s.t.i.TransactionInterceptor           : Completing transaction for [org.springframework.data.jpa.repository.support.SimpleJpaRepository.save]
2024-06-26T02:18:04.011+09:00 TRACE 38852 --- [3runner-bookstore] [           main] o.s.t.i.TransactionInterceptor           : Completing transaction for [com.nhnacademy.bookstore.member.member.service.impl.MemberServiceImpl.save]
2024-06-26T02:18:04.054+09:00 TRACE 38852 --- [3runner-bookstore] [           main] o.s.t.i.TransactionInterceptor           : Getting transaction for [org.springframework.data.jpa.repository.support.SimpleJpaRepository.save]
&amp#27;[35m[Hibernate]&amp#27;[0m 
    &amp#27;[34mselect&amp#27;[0m
        p1_0.id,
        p1_0.created_at,
        p1_0.delivery_price,
        m1_0.id,
        m1_0.age,
        m1_0.birthday,
        m1_0.created_at,
        m1_0.deleted_at,
        m1_0.email,
        m1_0.grade,
        m1_0.last_login_date,
        m1_0.modified_at,
        m1_0.name,
        m1_0.password,
        m1_0.phone,
        m1_0.point,
        m1_0.status,
        al1_0.&amp#27;[32m`member_id`&amp#27;[0m,
        al1_0.id,
        al1_0.city,
        al1_0.country,
        al1_0.name,
        al1_0.postal_code,
        al1_0.road,
        al1_0.state,
        p1_0.member_type,
        p1_0.order_number,
        p1_0.password,
        pr1_0.id,
        pr1_0.content,
        pr1_0.created_at,
        pr1_0.&amp#27;[32m`member_id`&amp#27;[0m,
        m3_0.id,
        m3_0.age,
        m3_0.birthday,
        m3_0.created_at,
        m3_0.deleted_at,
        m3_0.email,
        m3_0.grade,
        m3_0.last_login_date,
        m3_0.modified_at,
        m3_0.name,
        m3_0.password,
        m3_0.phone,
        m3_0.point,
        m3_0.status,
        pr1_0.member_point,
        pr1_0.remnant_point,
        p1_0.road,
        p1_0.status,
        p1_0.total_price 
    &amp#27;[34mfrom&amp#27;[0m
        purchase p1_0 
    &amp#27;[34mleft&amp#27;[0m &amp#27;[34mjoin&amp#27;[0m
        &amp#27;[32m`member`&amp#27;[0m m1_0 
            &amp#27;[34mon&amp#27;[0m m1_0.id=p1_0.&amp#27;[32m`member_id`&amp#27;[0m 
    &amp#27;[34mleft&amp#27;[0m &amp#27;[34mjoin&amp#27;[0m
        address al1_0 
            &amp#27;[34mon&amp#27;[0m m1_0.id=al1_0.&amp#27;[32m`member_id`&amp#27;[0m 
    &amp#27;[34mleft&amp#27;[0m &amp#27;[34mjoin&amp#27;[0m
        point_record pr1_0 
            &amp#27;[34mon&amp#27;[0m pr1_0.id=p1_0.point_record_id 
    &amp#27;[34mleft&amp#27;[0m &amp#27;[34mjoin&amp#27;[0m
        &amp#27;[32m`member`&amp#27;[0m m3_0 
            &amp#27;[34mon&amp#27;[0m m3_0.id=pr1_0.&amp#27;[32m`member_id`&amp#27;[0m 
    &amp#27;[34mwhere&amp#27;[0m
        p1_0.id=?
2024-06-26T02:18:04.061+09:00 TRACE 38852 --- [3runner-bookstore] [           main] org.hibernate.orm.jdbc.bind              : binding parameter (1:BIGINT) <- [1]
&amp#27;[35m[Hibernate]&amp#27;[0m 
    &amp#27;[34mselect&amp#27;[0m
        m1_0.id,
        m1_0.age,
        m1_0.birthday,
        m1_0.created_at,
        m1_0.deleted_at,
        m1_0.email,
        m1_0.grade,
        m1_0.last_login_date,
        m1_0.modified_at,
        m1_0.name,
        m1_0.password,
        m1_0.phone,
        m1_0.point,
        m1_0.status 
    &amp#27;[34mfrom&amp#27;[0m
        &amp#27;[32m`member`&amp#27;[0m m1_0 
    &amp#27;[34mwhere&amp#27;[0m
        m1_0.id=?
2024-06-26T02:18:04.073+09:00 TRACE 38852 --- [3runner-bookstore] [           main] org.hibernate.orm.jdbc.bind              : binding parameter (1:BIGINT) <- [632]
&amp#27;[35m[Hibernate]&amp#27;[0m 
    /* &amp#27;[34minsert&amp#27;[0m &amp#27;[34mfor&amp#27;[0m
        com.nhnacademy.bookstore.entity.purchase.Purchase */&amp#27;[34minsert&amp#27;[0m 
    &amp#27;[34minto&amp#27;[0m
        purchase (created_at, delivery_price, &amp#27;[32m`member_id`&amp#27;[0m, member_type, order_number, password, point_record_id, road, status, total_price) 
    &amp#27;[34mvalues&amp#27;[0m
        (?, ?, ?, ?, ?, ?, ?, ?, ?, ?)
2024-06-26T02:18:04.086+09:00 TRACE 38852 --- [3runner-bookstore] [           main] org.hibernate.orm.jdbc.bind              : binding parameter (1:TIMESTAMP_UTC) <- [2024-06-26T02:18:04.043999+09:00[Asia/Seoul]]
2024-06-26T02:18:04.086+09:00 TRACE 38852 --- [3runner-bookstore] [           main] org.hibernate.orm.jdbc.bind              : binding parameter (2:INTEGER) <- [100]
2024-06-26T02:18:04.086+09:00 TRACE 38852 --- [3runner-bookstore] [           main] org.hibernate.orm.jdbc.bind              : binding parameter (3:BIGINT) <- [632]
2024-06-26T02:18:04.086+09:00 TRACE 38852 --- [3runner-bookstore] [           main] org.hibernate.orm.jdbc.bind              : binding parameter (4:TINYINT) <- [MEMBER]
2024-06-26T02:18:04.086+09:00 TRACE 38852 --- [3runner-bookstore] [           main] org.hibernate.orm.jdbc.bind              : binding parameter (5:BINARY) <- [496dacc5-033a-49b3-955c-08369dc58cf6]
2024-06-26T02:18:04.087+09:00 TRACE 38852 --- [3runner-bookstore] [           main] org.hibernate.orm.jdbc.bind              : binding parameter (6:VARCHAR) <- [password]
2024-06-26T02:18:04.087+09:00 TRACE 38852 --- [3runner-bookstore] [           main] org.hibernate.orm.jdbc.bind              : binding parameter (7:BIGINT) <- [null]
2024-06-26T02:18:04.087+09:00 TRACE 38852 --- [3runner-bookstore] [           main] org.hibernate.orm.jdbc.bind              : binding parameter (8:VARCHAR) <- [road]
2024-06-26T02:18:04.087+09:00 TRACE 38852 --- [3runner-bookstore] [           main] org.hibernate.orm.jdbc.bind              : binding parameter (9:TINYINT) <- [SHIPPED]
2024-06-26T02:18:04.087+09:00 TRACE 38852 --- [3runner-bookstore] [           main] org.hibernate.orm.jdbc.bind              : binding parameter (10:INTEGER) <- [10]
2024-06-26T02:18:04.098+09:00 TRACE 38852 --- [3runner-bookstore] [           main] o.s.t.i.TransactionInterceptor           : Completing transaction for [org.springframework.data.jpa.repository.support.SimpleJpaRepository.save]
2024-06-26T02:18:04.131+09:00 TRACE 38852 --- [3runner-bookstore] [           main] o.s.t.i.TransactionInterceptor           : Getting transaction for [org.springframework.data.jpa.repository.support.SimpleJpaRepository.save]
&amp#27;[35m[Hibernate]&amp#27;[0m 
    &amp#27;[34mselect&amp#27;[0m
        p1_0.id,
        p1_0.created_at,
        p1_0.delivery_price,
        m1_0.id,
        m1_0.age,
        m1_0.birthday,
        m1_0.created_at,
        m1_0.deleted_at,
        m1_0.email,
        m1_0.grade,
        m1_0.last_login_date,
        m1_0.modified_at,
        m1_0.name,
        m1_0.password,
        m1_0.phone,
        m1_0.point,
        m1_0.status,
        al1_0.&amp#27;[32m`member_id`&amp#27;[0m,
        al1_0.id,
        al1_0.city,
        al1_0.country,
        al1_0.name,
        al1_0.postal_code,
        al1_0.road,
        al1_0.state,
        p1_0.member_type,
        p1_0.order_number,
        p1_0.password,
        pr1_0.id,
        pr1_0.content,
        pr1_0.created_at,
        pr1_0.&amp#27;[32m`member_id`&amp#27;[0m,
        m3_0.id,
        m3_0.age,
        m3_0.birthday,
        m3_0.created_at,
        m3_0.deleted_at,
        m3_0.email,
        m3_0.grade,
        m3_0.last_login_date,
        m3_0.modified_at,
        m3_0.name,
        m3_0.password,
        m3_0.phone,
        m3_0.point,
        m3_0.status,
        pr1_0.member_point,
        pr1_0.remnant_point,
        p1_0.road,
        p1_0.status,
        p1_0.total_price 
    &amp#27;[34mfrom&amp#27;[0m
        purchase p1_0 
    &amp#27;[34mleft&amp#27;[0m &amp#27;[34mjoin&amp#27;[0m
        &amp#27;[32m`member`&amp#27;[0m m1_0 
            &amp#27;[34mon&amp#27;[0m m1_0.id=p1_0.&amp#27;[32m`member_id`&amp#27;[0m 
    &amp#27;[34mleft&amp#27;[0m &amp#27;[34mjoin&amp#27;[0m
        address al1_0 
            &amp#27;[34mon&amp#27;[0m m1_0.id=al1_0.&amp#27;[32m`member_id`&amp#27;[0m 
    &amp#27;[34mleft&amp#27;[0m &amp#27;[34mjoin&amp#27;[0m
        point_record pr1_0 
            &amp#27;[34mon&amp#27;[0m pr1_0.id=p1_0.point_record_id 
    &amp#27;[34mleft&amp#27;[0m &amp#27;[34mjoin&amp#27;[0m
        &amp#27;[32m`member`&amp#27;[0m m3_0 
            &amp#27;[34mon&amp#27;[0m m3_0.id=pr1_0.&amp#27;[32m`member_id`&amp#27;[0m 
    &amp#27;[34mwhere&amp#27;[0m
        p1_0.id=?
2024-06-26T02:18:04.132+09:00 TRACE 38852 --- [3runner-bookstore] [           main] org.hibernate.orm.jdbc.bind              : binding parameter (1:BIGINT) <- [2]
&amp#27;[35m[Hibernate]&amp#27;[0m 
    &amp#27;[34mselect&amp#27;[0m
        m1_0.id,
        m1_0.age,
        m1_0.birthday,
        m1_0.created_at,
        m1_0.deleted_at,
        m1_0.email,
        m1_0.grade,
        m1_0.last_login_date,
        m1_0.modified_at,
        m1_0.name,
        m1_0.password,
        m1_0.phone,
        m1_0.point,
        m1_0.status 
    &amp#27;[34mfrom&amp#27;[0m
        &amp#27;[32m`member`&amp#27;[0m m1_0 
    &amp#27;[34mwhere&amp#27;[0m
        m1_0.id=?
2024-06-26T02:18:04.141+09:00 TRACE 38852 --- [3runner-bookstore] [           main] org.hibernate.orm.jdbc.bind              : binding parameter (1:BIGINT) <- [632]
&amp#27;[35m[Hibernate]&amp#27;[0m 
    /* &amp#27;[34minsert&amp#27;[0m &amp#27;[34mfor&amp#27;[0m
        com.nhnacademy.bookstore.entity.purchase.Purchase */&amp#27;[34minsert&amp#27;[0m 
    &amp#27;[34minto&amp#27;[0m
        purchase (created_at, delivery_price, &amp#27;[32m`member_id`&amp#27;[0m, member_type, order_number, password, point_record_id, road, status, total_price) 
    &amp#27;[34mvalues&amp#27;[0m
        (?, ?, ?, ?, ?, ?, ?, ?, ?, ?)
2024-06-26T02:18:04.160+09:00 TRACE 38852 --- [3runner-bookstore] [           main] org.hibernate.orm.jdbc.bind              : binding parameter (1:TIMESTAMP_UTC) <- [2024-06-26T02:18:04.044032+09:00[Asia/Seoul]]
2024-06-26T02:18:04.160+09:00 TRACE 38852 --- [3runner-bookstore] [           main] org.hibernate.orm.jdbc.bind              : binding parameter (2:INTEGER) <- [100]
2024-06-26T02:18:04.160+09:00 TRACE 38852 --- [3runner-bookstore] [           main] org.hibernate.orm.jdbc.bind              : binding parameter (3:BIGINT) <- [632]
2024-06-26T02:18:04.160+09:00 TRACE 38852 --- [3runner-bookstore] [           main] org.hibernate.orm.jdbc.bind              : binding parameter (4:TINYINT) <- [MEMBER]
2024-06-26T02:18:04.160+09:00 TRACE 38852 --- [3runner-bookstore] [           main] org.hibernate.orm.jdbc.bind              : binding parameter (5:BINARY) <- [44a21682-9a6b-4388-bf4d-4d2ec0af266f]
2024-06-26T02:18:04.160+09:00 TRACE 38852 --- [3runner-bookstore] [           main] org.hibernate.orm.jdbc.bind              : binding parameter (6:VARCHAR) <- [password]
2024-06-26T02:18:04.160+09:00 TRACE 38852 --- [3runner-bookstore] [           main] org.hibernate.orm.jdbc.bind              : binding parameter (7:BIGINT) <- [null]
2024-06-26T02:18:04.160+09:00 TRACE 38852 --- [3runner-bookstore] [           main] org.hibernate.orm.jdbc.bind              : binding parameter (8:VARCHAR) <- [road]
2024-06-26T02:18:04.160+09:00 TRACE 38852 --- [3runner-bookstore] [           main] org.hibernate.orm.jdbc.bind              : binding parameter (9:TINYINT) <- [SHIPPED]
2024-06-26T02:18:04.160+09:00 TRACE 38852 --- [3runner-bookstore] [           main] org.hibernate.orm.jdbc.bind              : binding parameter (10:INTEGER) <- [10]
2024-06-26T02:18:04.175+09:00 TRACE 38852 --- [3runner-bookstore] [           main] o.s.t.i.TransactionInterceptor           : Completing transaction for [org.springframework.data.jpa.repository.support.SimpleJpaRepository.save]
2024-06-26T02:18:04.229+09:00 TRACE 38852 --- [3runner-bookstore] [           main] o.s.t.i.TransactionInterceptor           : Getting transaction for [org.springframework.data.jpa.repository.support.SimpleJpaRepository.save]
&amp#27;[35m[Hibernate]&amp#27;[0m 
    &amp#27;[34mselect&amp#27;[0m
        p1_0.id,
        p1_0.created_at,
        p1_0.delivery_price,
        m1_0.id,
        m1_0.age,
        m1_0.birthday,
        m1_0.created_at,
        m1_0.deleted_at,
        m1_0.email,
        m1_0.grade,
        m1_0.last_login_date,
        m1_0.modified_at,
        m1_0.name,
        m1_0.password,
        m1_0.phone,
        m1_0.point,
        m1_0.status,
        al1_0.&amp#27;[32m`member_id`&amp#27;[0m,
        al1_0.id,
        al1_0.city,
        al1_0.country,
        al1_0.name,
        al1_0.postal_code,
        al1_0.road,
        al1_0.state,
        p1_0.member_type,
        p1_0.order_number,
        p1_0.password,
        pr1_0.id,
        pr1_0.content,
        pr1_0.created_at,
        pr1_0.&amp#27;[32m`member_id`&amp#27;[0m,
        m3_0.id,
        m3_0.age,
        m3_0.birthday,
        m3_0.created_at,
        m3_0.deleted_at,
        m3_0.email,
        m3_0.grade,
        m3_0.last_login_date,
        m3_0.modified_at,
        m3_0.name,
        m3_0.password,
        m3_0.phone,
        m3_0.point,
        m3_0.status,
        pr1_0.member_point,
        pr1_0.remnant_point,
        p1_0.road,
        p1_0.status,
        p1_0.total_price 
    &amp#27;[34mfrom&amp#27;[0m
        purchase p1_0 
    &amp#27;[34mleft&amp#27;[0m &amp#27;[34mjoin&amp#27;[0m
        &amp#27;[32m`member`&amp#27;[0m m1_0 
            &amp#27;[34mon&amp#27;[0m m1_0.id=p1_0.&amp#27;[32m`member_id`&amp#27;[0m 
    &amp#27;[34mleft&amp#27;[0m &amp#27;[34mjoin&amp#27;[0m
        address al1_0 
            &amp#27;[34mon&amp#27;[0m m1_0.id=al1_0.&amp#27;[32m`member_id`&amp#27;[0m 
    &amp#27;[34mleft&amp#27;[0m &amp#27;[34mjoin&amp#27;[0m
        point_record pr1_0 
            &amp#27;[34mon&amp#27;[0m pr1_0.id=p1_0.point_record_id 
    &amp#27;[34mleft&amp#27;[0m &amp#27;[34mjoin&amp#27;[0m
        &amp#27;[32m`member`&amp#27;[0m m3_0 
            &amp#27;[34mon&amp#27;[0m m3_0.id=pr1_0.&amp#27;[32m`member_id`&amp#27;[0m 
    &amp#27;[34mwhere&amp#27;[0m
        p1_0.id=?
2024-06-26T02:18:04.230+09:00 TRACE 38852 --- [3runner-bookstore] [           main] org.hibernate.orm.jdbc.bind              : binding parameter (1:BIGINT) <- [3]
&amp#27;[35m[Hibernate]&amp#27;[0m 
    &amp#27;[34mselect&amp#27;[0m
        m1_0.id,
        m1_0.age,
        m1_0.birthday,
        m1_0.created_at,
        m1_0.deleted_at,
        m1_0.email,
        m1_0.grade,
        m1_0.last_login_date,
        m1_0.modified_at,
        m1_0.name,
        m1_0.password,
        m1_0.phone,
        m1_0.point,
        m1_0.status 
    &amp#27;[34mfrom&amp#27;[0m
        &amp#27;[32m`member`&amp#27;[0m m1_0 
    &amp#27;[34mwhere&amp#27;[0m
        m1_0.id=?
2024-06-26T02:18:04.240+09:00 TRACE 38852 --- [3runner-bookstore] [           main] org.hibernate.orm.jdbc.bind              : binding parameter (1:BIGINT) <- [632]
&amp#27;[35m[Hibernate]&amp#27;[0m 
    /* &amp#27;[34minsert&amp#27;[0m &amp#27;[34mfor&amp#27;[0m
        com.nhnacademy.bookstore.entity.purchase.Purchase */&amp#27;[34minsert&amp#27;[0m 
    &amp#27;[34minto&amp#27;[0m
        purchase (created_at, delivery_price, &amp#27;[32m`member_id`&amp#27;[0m, member_type, order_number, password, point_record_id, road, status, total_price) 
    &amp#27;[34mvalues&amp#27;[0m
        (?, ?, ?, ?, ?, ?, ?, ?, ?, ?)
2024-06-26T02:18:04.251+09:00 TRACE 38852 --- [3runner-bookstore] [           main] org.hibernate.orm.jdbc.bind              : binding parameter (1:TIMESTAMP_UTC) <- [2024-06-26T02:18:04.044036+09:00[Asia/Seoul]]
2024-06-26T02:18:04.251+09:00 TRACE 38852 --- [3runner-bookstore] [           main] org.hibernate.orm.jdbc.bind              : binding parameter (2:INTEGER) <- [100]
2024-06-26T02:18:04.251+09:00 TRACE 38852 --- [3runner-bookstore] [           main] org.hibernate.orm.jdbc.bind              : binding parameter (3:BIGINT) <- [632]
2024-06-26T02:18:04.251+09:00 TRACE 38852 --- [3runner-bookstore] [           main] org.hibernate.orm.jdbc.bind              : binding parameter (4:TINYINT) <- [MEMBER]
2024-06-26T02:18:04.251+09:00 TRACE 38852 --- [3runner-bookstore] [           main] org.hibernate.orm.jdbc.bind              : binding parameter (5:BINARY) <- [bdd2a023-8ad8-4ce9-b909-6fe2bea2aebb]
2024-06-26T02:18:04.251+09:00 TRACE 38852 --- [3runner-bookstore] [           main] org.hibernate.orm.jdbc.bind              : binding parameter (6:VARCHAR) <- [password]
2024-06-26T02:18:04.251+09:00 TRACE 38852 --- [3runner-bookstore] [           main] org.hibernate.orm.jdbc.bind              : binding parameter (7:BIGINT) <- [null]
2024-06-26T02:18:04.251+09:00 TRACE 38852 --- [3runner-bookstore] [           main] org.hibernate.orm.jdbc.bind              : binding parameter (8:VARCHAR) <- [road]
2024-06-26T02:18:04.251+09:00 TRACE 38852 --- [3runner-bookstore] [           main] org.hibernate.orm.jdbc.bind              : binding parameter (9:TINYINT) <- [SHIPPED]
2024-06-26T02:18:04.251+09:00 TRACE 38852 --- [3runner-bookstore] [           main] org.hibernate.orm.jdbc.bind              : binding parameter (10:INTEGER) <- [10]
2024-06-26T02:18:04.261+09:00 TRACE 38852 --- [3runner-bookstore] [           main] o.s.t.i.TransactionInterceptor           : Completing transaction for [org.springframework.data.jpa.repository.support.SimpleJpaRepository.save]
2024-06-26T02:18:04.307+09:00 TRACE 38852 --- [3runner-bookstore] [           main] o.s.t.i.TransactionInterceptor           : Getting transaction for [org.springframework.data.jpa.repository.support.SimpleJpaRepository.save]
&amp#27;[35m[Hibernate]&amp#27;[0m 
    &amp#27;[34mselect&amp#27;[0m
        p1_0.id,
        p1_0.created_at,
        p1_0.delivery_price,
        m1_0.id,
        m1_0.age,
        m1_0.birthday,
        m1_0.created_at,
        m1_0.deleted_at,
        m1_0.email,
        m1_0.grade,
        m1_0.last_login_date,
        m1_0.modified_at,
        m1_0.name,
        m1_0.password,
        m1_0.phone,
        m1_0.point,
        m1_0.status,
        al1_0.&amp#27;[32m`member_id`&amp#27;[0m,
        al1_0.id,
        al1_0.city,
        al1_0.country,
        al1_0.name,
        al1_0.postal_code,
        al1_0.road,
        al1_0.state,
        p1_0.member_type,
        p1_0.order_number,
        p1_0.password,
        pr1_0.id,
        pr1_0.content,
        pr1_0.created_at,
        pr1_0.&amp#27;[32m`member_id`&amp#27;[0m,
        m3_0.id,
        m3_0.age,
        m3_0.birthday,
        m3_0.created_at,
        m3_0.deleted_at,
        m3_0.email,
        m3_0.grade,
        m3_0.last_login_date,
        m3_0.modified_at,
        m3_0.name,
        m3_0.password,
        m3_0.phone,
        m3_0.point,
        m3_0.status,
        pr1_0.member_point,
        pr1_0.remnant_point,
        p1_0.road,
        p1_0.status,
        p1_0.total_price 
    &amp#27;[34mfrom&amp#27;[0m
        purchase p1_0 
    &amp#27;[34mleft&amp#27;[0m &amp#27;[34mjoin&amp#27;[0m
        &amp#27;[32m`member`&amp#27;[0m m1_0 
            &amp#27;[34mon&amp#27;[0m m1_0.id=p1_0.&amp#27;[32m`member_id`&amp#27;[0m 
    &amp#27;[34mleft&amp#27;[0m &amp#27;[34mjoin&amp#27;[0m
        address al1_0 
            &amp#27;[34mon&amp#27;[0m m1_0.id=al1_0.&amp#27;[32m`member_id`&amp#27;[0m 
    &amp#27;[34mleft&amp#27;[0m &amp#27;[34mjoin&amp#27;[0m
        point_record pr1_0 
            &amp#27;[34mon&amp#27;[0m pr1_0.id=p1_0.point_record_id 
    &amp#27;[34mleft&amp#27;[0m &amp#27;[34mjoin&amp#27;[0m
        &amp#27;[32m`member`&amp#27;[0m m3_0 
            &amp#27;[34mon&amp#27;[0m m3_0.id=pr1_0.&amp#27;[32m`member_id`&amp#27;[0m 
    &amp#27;[34mwhere&amp#27;[0m
        p1_0.id=?
2024-06-26T02:18:04.308+09:00 TRACE 38852 --- [3runner-bookstore] [           main] org.hibernate.orm.jdbc.bind              : binding parameter (1:BIGINT) <- [4]
&amp#27;[35m[Hibernate]&amp#27;[0m 
    &amp#27;[34mselect&amp#27;[0m
        m1_0.id,
        m1_0.age,
        m1_0.birthday,
        m1_0.created_at,
        m1_0.deleted_at,
        m1_0.email,
        m1_0.grade,
        m1_0.last_login_date,
        m1_0.modified_at,
        m1_0.name,
        m1_0.password,
        m1_0.phone,
        m1_0.point,
        m1_0.status 
    &amp#27;[34mfrom&amp#27;[0m
        &amp#27;[32m`member`&amp#27;[0m m1_0 
    &amp#27;[34mwhere&amp#27;[0m
        m1_0.id=?
2024-06-26T02:18:04.318+09:00 TRACE 38852 --- [3runner-bookstore] [           main] org.hibernate.orm.jdbc.bind              : binding parameter (1:BIGINT) <- [633]
&amp#27;[35m[Hibernate]&amp#27;[0m 
    /* &amp#27;[34minsert&amp#27;[0m &amp#27;[34mfor&amp#27;[0m
        com.nhnacademy.bookstore.entity.purchase.Purchase */&amp#27;[34minsert&amp#27;[0m 
    &amp#27;[34minto&amp#27;[0m
        purchase (created_at, delivery_price, &amp#27;[32m`member_id`&amp#27;[0m, member_type, order_number, password, point_record_id, road, status, total_price) 
    &amp#27;[34mvalues&amp#27;[0m
        (?, ?, ?, ?, ?, ?, ?, ?, ?, ?)
2024-06-26T02:18:04.333+09:00 TRACE 38852 --- [3runner-bookstore] [           main] org.hibernate.orm.jdbc.bind              : binding parameter (1:TIMESTAMP_UTC) <- [2024-06-26T02:18:04.044045+09:00[Asia/Seoul]]
2024-06-26T02:18:04.333+09:00 TRACE 38852 --- [3runner-bookstore] [           main] org.hibernate.orm.jdbc.bind              : binding parameter (2:INTEGER) <- [100]
2024-06-26T02:18:04.333+09:00 TRACE 38852 --- [3runner-bookstore] [           main] org.hibernate.orm.jdbc.bind              : binding parameter (3:BIGINT) <- [633]
2024-06-26T02:18:04.333+09:00 TRACE 38852 --- [3runner-bookstore] [           main] org.hibernate.orm.jdbc.bind              : binding parameter (4:TINYINT) <- [MEMBER]
2024-06-26T02:18:04.333+09:00 TRACE 38852 --- [3runner-bookstore] [           main] org.hibernate.orm.jdbc.bind              : binding parameter (5:BINARY) <- [e119fbcb-9a3c-4b80-9810-211498682a77]
2024-06-26T02:18:04.333+09:00 TRACE 38852 --- [3runner-bookstore] [           main] org.hibernate.orm.jdbc.bind              : binding parameter (6:VARCHAR) <- [password]
2024-06-26T02:18:04.333+09:00 TRACE 38852 --- [3runner-bookstore] [           main] org.hibernate.orm.jdbc.bind              : binding parameter (7:BIGINT) <- [null]
2024-06-26T02:18:04.333+09:00 TRACE 38852 --- [3runner-bookstore] [           main] org.hibernate.orm.jdbc.bind              : binding parameter (8:VARCHAR) <- [road]
2024-06-26T02:18:04.333+09:00 TRACE 38852 --- [3runner-bookstore] [           main] org.hibernate.orm.jdbc.bind              : binding parameter (9:TINYINT) <- [SHIPPED]
2024-06-26T02:18:04.333+09:00 TRACE 38852 --- [3runner-bookstore] [           main] org.hibernate.orm.jdbc.bind              : binding parameter (10:INTEGER) <- [10]
2024-06-26T02:18:04.345+09:00 TRACE 38852 --- [3runner-bookstore] [           main] o.s.t.i.TransactionInterceptor           : Completing transaction for [org.springframework.data.jpa.repository.support.SimpleJpaRepository.save]
2024-06-26T02:18:04.388+09:00 TRACE 38852 --- [3runner-bookstore] [           main] o.s.t.i.TransactionInterceptor           : Getting transaction for [com.nhnacademy.bookstore.member.member.service.impl.MemberServiceImpl.getPurchasesByMemberId]
2024-06-26T02:18:04.389+09:00 TRACE 38852 --- [3runner-bookstore] [           main] o.s.t.i.TransactionInterceptor           : Getting transaction for [org.springframework.data.jpa.repository.support.SimpleJpaRepository.findById]
&amp#27;[35m[Hibernate]&amp#27;[0m 
    &amp#27;[34mselect&amp#27;[0m
        m1_0.id,
        m1_0.age,
        m1_0.birthday,
        m1_0.created_at,
        m1_0.deleted_at,
        m1_0.email,
        m1_0.grade,
        m1_0.last_login_date,
        m1_0.modified_at,
        m1_0.name,
        m1_0.password,
        m1_0.phone,
        m1_0.point,
        m1_0.status 
    &amp#27;[34mfrom&amp#27;[0m
        &amp#27;[32m`member`&amp#27;[0m m1_0 
    &amp#27;[34mwhere&amp#27;[0m
        m1_0.id=?
2024-06-26T02:18:04.390+09:00 TRACE 38852 --- [3runner-bookstore] [           main] org.hibernate.orm.jdbc.bind              : binding parameter (1:BIGINT) <- [632]
2024-06-26T02:18:04.401+09:00 TRACE 38852 --- [3runner-bookstore] [           main] o.s.t.i.TransactionInterceptor           : Completing transaction for [org.springframework.data.jpa.repository.support.SimpleJpaRepository.findById]
2024-06-26T02:18:04.402+09:00 TRACE 38852 --- [3runner-bookstore] [           main] o.s.t.i.TransactionInterceptor           : No need to create transaction for [org.springframework.data.jpa.repository.support.SimpleJpaRepository.findByMember]: This method is not transactional.
&amp#27;[35m[Hibernate]&amp#27;[0m 
    /* <criteria> */ &amp#27;[34mselect&amp#27;[0m
        p1_0.id,
        p1_0.created_at,
        p1_0.delivery_price,
        p1_0.&amp#27;[32m`member_id`&amp#27;[0m,
        p1_0.member_type,
        p1_0.order_number,
        p1_0.password,
        p1_0.point_record_id,
        p1_0.road,
        p1_0.status,
        p1_0.total_price 
    &amp#27;[34mfrom&amp#27;[0m
        purchase p1_0 
    &amp#27;[34mwhere&amp#27;[0m
        p1_0.&amp#27;[32m`member_id`&amp#27;[0m=?
2024-06-26T02:18:04.404+09:00 TRACE 38852 --- [3runner-bookstore] [           main] org.hibernate.orm.jdbc.bind              : binding parameter (1:BIGINT) <- [632]
2024-06-26T02:18:04.415+09:00 TRACE 38852 --- [3runner-bookstore] [           main] o.s.t.i.TransactionInterceptor           : Completing transaction for [com.nhnacademy.bookstore.member.member.service.impl.MemberServiceImpl.getPurchasesByMemberId]
2024-06-26T02:18:04.454+09:00 TRACE 38852 --- [3runner-bookstore] [           main] o.s.t.i.TransactionInterceptor           : Getting transaction for [com.nhnacademy.bookstore.member.member.service.impl.MemberServiceImpl.deleteMember]
2024-06-26T02:18:04.454+09:00 TRACE 38852 --- [3runner-bookstore] [           main] o.s.t.i.TransactionInterceptor           : Getting transaction for [org.springframework.data.jpa.repository.support.SimpleJpaRepository.findById]
&amp#27;[35m[Hibernate]&amp#27;[0m 
    &amp#27;[34mselect&amp#27;[0m
        m1_0.id,
        m1_0.age,
        m1_0.birthday,
        m1_0.created_at,
        m1_0.deleted_at,
        m1_0.email,
        m1_0.grade,
        m1_0.last_login_date,
        m1_0.modified_at,
        m1_0.name,
        m1_0.password,
        m1_0.phone,
        m1_0.point,
        m1_0.status 
    &amp#27;[34mfrom&amp#27;[0m
        &amp#27;[32m`member`&amp#27;[0m m1_0 
    &amp#27;[34mwhere&amp#27;[0m
        m1_0.id=?
2024-06-26T02:18:04.455+09:00 TRACE 38852 --- [3runner-bookstore] [           main] org.hibernate.orm.jdbc.bind              : binding parameter (1:BIGINT) <- [632]
2024-06-26T02:18:04.470+09:00 TRACE 38852 --- [3runner-bookstore] [           main] o.s.t.i.TransactionInterceptor           : Completing transaction for [org.springframework.data.jpa.repository.support.SimpleJpaRepository.findById]
2024-06-26T02:18:04.471+09:00 TRACE 38852 --- [3runner-bookstore] [           main] o.s.t.i.TransactionInterceptor           : Getting transaction for [org.springframework.data.jpa.repository.support.SimpleJpaRepository.save]
2024-06-26T02:18:04.471+09:00 TRACE 38852 --- [3runner-bookstore] [           main] o.s.t.i.TransactionInterceptor           : Completing transaction for [org.springframework.data.jpa.repository.support.SimpleJpaRepository.save]
2024-06-26T02:18:04.471+09:00 TRACE 38852 --- [3runner-bookstore] [           main] o.s.t.i.TransactionInterceptor           : Completing transaction for [com.nhnacademy.bookstore.member.member.service.impl.MemberServiceImpl.deleteMember]
&amp#27;[35m[Hibernate]&amp#27;[0m 
    /* &amp#27;[34mupdate&amp#27;[0m
        &amp#27;[34mfor&amp#27;[0m com.nhnacademy.bookstore.entity.&amp#27;[34mmember&amp#27;[0m.&amp#27;[34mMember&amp#27;[0m */&amp#27;[34mupdate&amp#27;[0m &amp#27;[32m`member`&amp#27;[0m 
    &amp#27;[34mset&amp#27;[0m
        age=?,
        birthday=?,
        created_at=?,
        deleted_at=?,
        email=?,
        grade=?,
        last_login_date=?,
        modified_at=?,
        name=?,
        password=?,
        phone=?,
        point=?,
        status=? 
    &amp#27;[34mwhere&amp#27;[0m
        id=?
2024-06-26T02:18:04.476+09:00 TRACE 38852 --- [3runner-bookstore] [           main] org.hibernate.orm.jdbc.bind              : binding parameter (1:INTEGER) <- [1]
2024-06-26T02:18:04.476+09:00 TRACE 38852 --- [3runner-bookstore] [           main] org.hibernate.orm.jdbc.bind              : binding parameter (2:TIMESTAMP_UTC) <- [2024-06-25T17:18:03.906713Z]
2024-06-26T02:18:04.476+09:00 TRACE 38852 --- [3runner-bookstore] [           main] org.hibernate.orm.jdbc.bind              : binding parameter (3:TIMESTAMP_UTC) <- [2024-06-25T17:18:03.906744Z]
2024-06-26T02:18:04.476+09:00 TRACE 38852 --- [3runner-bookstore] [           main] org.hibernate.orm.jdbc.bind              : binding parameter (4:TIMESTAMP_UTC) <- [2024-06-26T02:18:04.471105+09:00[Asia/Seoul]]
2024-06-26T02:18:04.476+09:00 TRACE 38852 --- [3runner-bookstore] [           main] org.hibernate.orm.jdbc.bind              : binding parameter (5:VARCHAR) <- [dfdaf@nav.com]
2024-06-26T02:18:04.476+09:00 TRACE 38852 --- [3runner-bookstore] [           main] org.hibernate.orm.jdbc.bind              : binding parameter (6:TINYINT) <- [General]
2024-06-26T02:18:04.476+09:00 TRACE 38852 --- [3runner-bookstore] [           main] org.hibernate.orm.jdbc.bind              : binding parameter (7:TIMESTAMP_UTC) <- [null]
2024-06-26T02:18:04.476+09:00 TRACE 38852 --- [3runner-bookstore] [           main] org.hibernate.orm.jdbc.bind              : binding parameter (8:TIMESTAMP_UTC) <- [null]
2024-06-26T02:18:04.476+09:00 TRACE 38852 --- [3runner-bookstore] [           main] org.hibernate.orm.jdbc.bind              : binding parameter (9:VARCHAR) <- [1]
2024-06-26T02:18:04.476+09:00 TRACE 38852 --- [3runner-bookstore] [           main] org.hibernate.orm.jdbc.bind              : binding parameter (10:VARCHAR) <- [1]
2024-06-26T02:18:04.476+09:00 TRACE 38852 --- [3runner-bookstore] [           main] org.hibernate.orm.jdbc.bind              : binding parameter (11:VARCHAR) <- [1]
2024-06-26T02:18:04.476+09:00 TRACE 38852 --- [3runner-bookstore] [           main] org.hibernate.orm.jdbc.bind              : binding parameter (12:BIGINT) <- [5000]
2024-06-26T02:18:04.476+09:00 TRACE 38852 --- [3runner-bookstore] [           main] org.hibernate.orm.jdbc.bind              : binding parameter (13:TINYINT) <- [Withdrawn]
2024-06-26T02:18:04.477+09:00 TRACE 38852 --- [3runner-bookstore] [           main] org.hibernate.orm.jdbc.bind              : binding parameter (14:BIGINT) <- [632]
2024-06-26T02:18:04.520+09:00 TRACE 38852 --- [3runner-bookstore] [           main] o.s.t.i.TransactionInterceptor           : Getting transaction for [com.nhnacademy.bookstore.member.member.service.impl.MemberServiceImpl.deleteMember]
2024-06-26T02:18:04.520+09:00 TRACE 38852 --- [3runner-bookstore] [           main] o.s.t.i.TransactionInterceptor           : Getting transaction for [org.springframework.data.jpa.repository.support.SimpleJpaRepository.findById]
&amp#27;[35m[Hibernate]&amp#27;[0m 
    &amp#27;[34mselect&amp#27;[0m
        m1_0.id,
        m1_0.age,
        m1_0.birthday,
        m1_0.created_at,
        m1_0.deleted_at,
        m1_0.email,
        m1_0.grade,
        m1_0.last_login_date,
        m1_0.modified_at,
        m1_0.name,
        m1_0.password,
        m1_0.phone,
        m1_0.point,
        m1_0.status 
    &amp#27;[34mfrom&amp#27;[0m
        &amp#27;[32m`member`&amp#27;[0m m1_0 
    &amp#27;[34mwhere&amp#27;[0m
        m1_0.id=?
2024-06-26T02:18:04.520+09:00 TRACE 38852 --- [3runner-bookstore] [           main] org.hibernate.orm.jdbc.bind              : binding parameter (1:BIGINT) <- [633]
2024-06-26T02:18:04.534+09:00 TRACE 38852 --- [3runner-bookstore] [           main] o.s.t.i.TransactionInterceptor           : Completing transaction for [org.springframework.data.jpa.repository.support.SimpleJpaRepository.findById]
2024-06-26T02:18:04.534+09:00 TRACE 38852 --- [3runner-bookstore] [           main] o.s.t.i.TransactionInterceptor           : Getting transaction for [org.springframework.data.jpa.repository.support.SimpleJpaRepository.save]
2024-06-26T02:18:04.534+09:00 TRACE 38852 --- [3runner-bookstore] [           main] o.s.t.i.TransactionInterceptor           : Completing transaction for [org.springframework.data.jpa.repository.support.SimpleJpaRepository.save]
2024-06-26T02:18:04.534+09:00 TRACE 38852 --- [3runner-bookstore] [           main] o.s.t.i.TransactionInterceptor           : Completing transaction for [com.nhnacademy.bookstore.member.member.service.impl.MemberServiceImpl.deleteMember]
&amp#27;[35m[Hibernate]&amp#27;[0m 
    /* &amp#27;[34mupdate&amp#27;[0m
        &amp#27;[34mfor&amp#27;[0m com.nhnacademy.bookstore.entity.&amp#27;[34mmember&amp#27;[0m.&amp#27;[34mMember&amp#27;[0m */&amp#27;[34mupdate&amp#27;[0m &amp#27;[32m`member`&amp#27;[0m 
    &amp#27;[34mset&amp#27;[0m
        age=?,
        birthday=?,
        created_at=?,
        deleted_at=?,
        email=?,
        grade=?,
        last_login_date=?,
        modified_at=?,
        name=?,
        password=?,
        phone=?,
        point=?,
        status=? 
    &amp#27;[34mwhere&amp#27;[0m
        id=?
2024-06-26T02:18:04.535+09:00 TRACE 38852 --- [3runner-bookstore] [           main] org.hibernate.orm.jdbc.bind              : binding parameter (1:INTEGER) <- [1]
2024-06-26T02:18:04.535+09:00 TRACE 38852 --- [3runner-bookstore] [           main] org.hibernate.orm.jdbc.bind              : binding parameter (2:TIMESTAMP_UTC) <- [2024-06-25T17:18:03.906748Z]
2024-06-26T02:18:04.535+09:00 TRACE 38852 --- [3runner-bookstore] [           main] org.hibernate.orm.jdbc.bind              : binding parameter (3:TIMESTAMP_UTC) <- [2024-06-25T17:18:03.906752Z]
2024-06-26T02:18:04.535+09:00 TRACE 38852 --- [3runner-bookstore] [           main] org.hibernate.orm.jdbc.bind              : binding parameter (4:TIMESTAMP_UTC) <- [2024-06-26T02:18:04.534718+09:00[Asia/Seoul]]
2024-06-26T02:18:04.535+09:00 TRACE 38852 --- [3runner-bookstore] [           main] org.hibernate.orm.jdbc.bind              : binding parameter (5:VARCHAR) <- [dfdadf@nav.com]
2024-06-26T02:18:04.535+09:00 TRACE 38852 --- [3runner-bookstore] [           main] org.hibernate.orm.jdbc.bind              : binding parameter (6:TINYINT) <- [General]
2024-06-26T02:18:04.535+09:00 TRACE 38852 --- [3runner-bookstore] [           main] org.hibernate.orm.jdbc.bind              : binding parameter (7:TIMESTAMP_UTC) <- [null]
2024-06-26T02:18:04.535+09:00 TRACE 38852 --- [3runner-bookstore] [           main] org.hibernate.orm.jdbc.bind              : binding parameter (8:TIMESTAMP_UTC) <- [null]
2024-06-26T02:18:04.535+09:00 TRACE 38852 --- [3runner-bookstore] [           main] org.hibernate.orm.jdbc.bind              : binding parameter (9:VARCHAR) <- [1]
2024-06-26T02:18:04.535+09:00 TRACE 38852 --- [3runner-bookstore] [           main] org.hibernate.orm.jdbc.bind              : binding parameter (10:VARCHAR) <- [1]
2024-06-26T02:18:04.535+09:00 TRACE 38852 --- [3runner-bookstore] [           main] org.hibernate.orm.jdbc.bind              : binding parameter (11:VARCHAR) <- [1]
2024-06-26T02:18:04.535+09:00 TRACE 38852 --- [3runner-bookstore] [           main] org.hibernate.orm.jdbc.bind              : binding parameter (12:BIGINT) <- [5000]
2024-06-26T02:18:04.535+09:00 TRACE 38852 --- [3runner-bookstore] [           main] org.hibernate.orm.jdbc.bind              : binding parameter (13:TINYINT) <- [Withdrawn]
2024-06-26T02:18:04.535+09:00 TRACE 38852 --- [3runner-bookstore] [           main] org.hibernate.orm.jdbc.bind              : binding parameter (14:BIGINT) <- [633]
2024-06-26T02:18:04.593+09:00 TRACE 38852 --- [3runner-bookstore] [           main] o.s.t.i.TransactionInterceptor           : Getting transaction for [org.springframework.data.jpa.repository.support.SimpleJpaRepository.delete]
&amp#27;[35m[Hibernate]&amp#27;[0m 
    &amp#27;[34mselect&amp#27;[0m
        p1_0.id,
        p1_0.created_at,
        p1_0.delivery_price,
        m1_0.id,
        m1_0.age,
        m1_0.birthday,
        m1_0.created_at,
        m1_0.deleted_at,
        m1_0.email,
        m1_0.grade,
        m1_0.last_login_date,
        m1_0.modified_at,
        m1_0.name,
        m1_0.password,
        m1_0.phone,
        m1_0.point,
        m1_0.status,
        p1_0.member_type,
        p1_0.order_number,
        p1_0.password,
        pr1_0.id,
        pr1_0.content,
        pr1_0.created_at,
        pr1_0.&amp#27;[32m`member_id`&amp#27;[0m,
        m2_0.id,
        m2_0.age,
        m2_0.birthday,
        m2_0.created_at,
        m2_0.deleted_at,
        m2_0.email,
        m2_0.grade,
        m2_0.last_login_date,
        m2_0.modified_at,
        m2_0.name,
        m2_0.password,
        m2_0.phone,
        m2_0.point,
        m2_0.status,
        pr1_0.member_point,
        pr1_0.remnant_point,
        p1_0.road,
        p1_0.status,
        p1_0.total_price 
    &amp#27;[34mfrom&amp#27;[0m
        purchase p1_0 
    &amp#27;[34mleft&amp#27;[0m &amp#27;[34mjoin&amp#27;[0m
        &amp#27;[32m`member`&amp#27;[0m m1_0 
            &amp#27;[34mon&amp#27;[0m m1_0.id=p1_0.&amp#27;[32m`member_id`&amp#27;[0m 
    &amp#27;[34mleft&amp#27;[0m &amp#27;[34mjoin&amp#27;[0m
        point_record pr1_0 
            &amp#27;[34mon&amp#27;[0m pr1_0.id=p1_0.point_record_id 
    &amp#27;[34mleft&amp#27;[0m &amp#27;[34mjoin&amp#27;[0m
        &amp#27;[32m`member`&amp#27;[0m m2_0 
            &amp#27;[34mon&amp#27;[0m m2_0.id=pr1_0.&amp#27;[32m`member_id`&amp#27;[0m 
    &amp#27;[34mwhere&amp#27;[0m
        p1_0.id=?
2024-06-26T02:18:04.594+09:00 TRACE 38852 --- [3runner-bookstore] [           main] org.hibernate.orm.jdbc.bind              : binding parameter (1:BIGINT) <- [1]
2024-06-26T02:18:04.604+09:00 TRACE 38852 --- [3runner-bookstore] [           main] o.s.t.i.TransactionInterceptor           : Completing transaction for [org.springframework.data.jpa.repository.support.SimpleJpaRepository.delete]
2024-06-26T02:18:04.634+09:00 TRACE 38852 --- [3runner-bookstore] [           main] o.s.t.i.TransactionInterceptor           : Getting transaction for [org.springframework.data.jpa.repository.support.SimpleJpaRepository.delete]
&amp#27;[35m[Hibernate]&amp#27;[0m 
    &amp#27;[34mselect&amp#27;[0m
        p1_0.id,
        p1_0.created_at,
        p1_0.delivery_price,
        m1_0.id,
        m1_0.age,
        m1_0.birthday,
        m1_0.created_at,
        m1_0.deleted_at,
        m1_0.email,
        m1_0.grade,
        m1_0.last_login_date,
        m1_0.modified_at,
        m1_0.name,
        m1_0.password,
        m1_0.phone,
        m1_0.point,
        m1_0.status,
        p1_0.member_type,
        p1_0.order_number,
        p1_0.password,
        pr1_0.id,
        pr1_0.content,
        pr1_0.created_at,
        pr1_0.&amp#27;[32m`member_id`&amp#27;[0m,
        m2_0.id,
        m2_0.age,
        m2_0.birthday,
        m2_0.created_at,
        m2_0.deleted_at,
        m2_0.email,
        m2_0.grade,
        m2_0.last_login_date,
        m2_0.modified_at,
        m2_0.name,
        m2_0.password,
        m2_0.phone,
        m2_0.point,
        m2_0.status,
        pr1_0.member_point,
        pr1_0.remnant_point,
        p1_0.road,
        p1_0.status,
        p1_0.total_price 
    &amp#27;[34mfrom&amp#27;[0m
        purchase p1_0 
    &amp#27;[34mleft&amp#27;[0m &amp#27;[34mjoin&amp#27;[0m
        &amp#27;[32m`member`&amp#27;[0m m1_0 
            &amp#27;[34mon&amp#27;[0m m1_0.id=p1_0.&amp#27;[32m`member_id`&amp#27;[0m 
    &amp#27;[34mleft&amp#27;[0m &amp#27;[34mjoin&amp#27;[0m
        point_record pr1_0 
            &amp#27;[34mon&amp#27;[0m pr1_0.id=p1_0.point_record_id 
    &amp#27;[34mleft&amp#27;[0m &amp#27;[34mjoin&amp#27;[0m
        &amp#27;[32m`member`&amp#27;[0m m2_0 
            &amp#27;[34mon&amp#27;[0m m2_0.id=pr1_0.&amp#27;[32m`member_id`&amp#27;[0m 
    &amp#27;[34mwhere&amp#27;[0m
        p1_0.id=?
2024-06-26T02:18:04.634+09:00 TRACE 38852 --- [3runner-bookstore] [           main] org.hibernate.orm.jdbc.bind              : binding parameter (1:BIGINT) <- [2]
2024-06-26T02:18:04.655+09:00 TRACE 38852 --- [3runner-bookstore] [           main] o.s.t.i.TransactionInterceptor           : Completing transaction for [org.springframework.data.jpa.repository.support.SimpleJpaRepository.delete]
2024-06-26T02:18:04.700+09:00 TRACE 38852 --- [3runner-bookstore] [           main] o.s.t.i.TransactionInterceptor           : Getting transaction for [org.springframework.data.jpa.repository.support.SimpleJpaRepository.delete]
&amp#27;[35m[Hibernate]&amp#27;[0m 
    &amp#27;[34mselect&amp#27;[0m
        p1_0.id,
        p1_0.created_at,
        p1_0.delivery_price,
        m1_0.id,
        m1_0.age,
        m1_0.birthday,
        m1_0.created_at,
        m1_0.deleted_at,
        m1_0.email,
        m1_0.grade,
        m1_0.last_login_date,
        m1_0.modified_at,
        m1_0.name,
        m1_0.password,
        m1_0.phone,
        m1_0.point,
        m1_0.status,
        p1_0.member_type,
        p1_0.order_number,
        p1_0.password,
        pr1_0.id,
        pr1_0.content,
        pr1_0.created_at,
        pr1_0.&amp#27;[32m`member_id`&amp#27;[0m,
        m2_0.id,
        m2_0.age,
        m2_0.birthday,
        m2_0.created_at,
        m2_0.deleted_at,
        m2_0.email,
        m2_0.grade,
        m2_0.last_login_date,
        m2_0.modified_at,
        m2_0.name,
        m2_0.password,
        m2_0.phone,
        m2_0.point,
        m2_0.status,
        pr1_0.member_point,
        pr1_0.remnant_point,
        p1_0.road,
        p1_0.status,
        p1_0.total_price 
    &amp#27;[34mfrom&amp#27;[0m
        purchase p1_0 
    &amp#27;[34mleft&amp#27;[0m &amp#27;[34mjoin&amp#27;[0m
        &amp#27;[32m`member`&amp#27;[0m m1_0 
            &amp#27;[34mon&amp#27;[0m m1_0.id=p1_0.&amp#27;[32m`member_id`&amp#27;[0m 
    &amp#27;[34mleft&amp#27;[0m &amp#27;[34mjoin&amp#27;[0m
        point_record pr1_0 
            &amp#27;[34mon&amp#27;[0m pr1_0.id=p1_0.point_record_id 
    &amp#27;[34mleft&amp#27;[0m &amp#27;[34mjoin&amp#27;[0m
        &amp#27;[32m`member`&amp#27;[0m m2_0 
            &amp#27;[34mon&amp#27;[0m m2_0.id=pr1_0.&amp#27;[32m`member_id`&amp#27;[0m 
    &amp#27;[34mwhere&amp#27;[0m
        p1_0.id=?
2024-06-26T02:18:04.701+09:00 TRACE 38852 --- [3runner-bookstore] [           main] org.hibernate.orm.jdbc.bind              : binding parameter (1:BIGINT) <- [3]
2024-06-26T02:18:04.712+09:00 TRACE 38852 --- [3runner-bookstore] [           main] o.s.t.i.TransactionInterceptor           : Completing transaction for [org.springframework.data.jpa.repository.support.SimpleJpaRepository.delete]
2024-06-26T02:18:04.741+09:00 TRACE 38852 --- [3runner-bookstore] [           main] o.s.t.i.TransactionInterceptor           : Getting transaction for [org.springframework.data.jpa.repository.support.SimpleJpaRepository.delete]
&amp#27;[35m[Hibernate]&amp#27;[0m 
    &amp#27;[34mselect&amp#27;[0m
        p1_0.id,
        p1_0.created_at,
        p1_0.delivery_price,
        m1_0.id,
        m1_0.age,
        m1_0.birthday,
        m1_0.created_at,
        m1_0.deleted_at,
        m1_0.email,
        m1_0.grade,
        m1_0.last_login_date,
        m1_0.modified_at,
        m1_0.name,
        m1_0.password,
        m1_0.phone,
        m1_0.point,
        m1_0.status,
        p1_0.member_type,
        p1_0.order_number,
        p1_0.password,
        pr1_0.id,
        pr1_0.content,
        pr1_0.created_at,
        pr1_0.&amp#27;[32m`member_id`&amp#27;[0m,
        m2_0.id,
        m2_0.age,
        m2_0.birthday,
        m2_0.created_at,
        m2_0.deleted_at,
        m2_0.email,
        m2_0.grade,
        m2_0.last_login_date,
        m2_0.modified_at,
        m2_0.name,
        m2_0.password,
        m2_0.phone,
        m2_0.point,
        m2_0.status,
        pr1_0.member_point,
        pr1_0.remnant_point,
        p1_0.road,
        p1_0.status,
        p1_0.total_price 
    &amp#27;[34mfrom&amp#27;[0m
        purchase p1_0 
    &amp#27;[34mleft&amp#27;[0m &amp#27;[34mjoin&amp#27;[0m
        &amp#27;[32m`member`&amp#27;[0m m1_0 
            &amp#27;[34mon&amp#27;[0m m1_0.id=p1_0.&amp#27;[32m`member_id`&amp#27;[0m 
    &amp#27;[34mleft&amp#27;[0m &amp#27;[34mjoin&amp#27;[0m
        point_record pr1_0 
            &amp#27;[34mon&amp#27;[0m pr1_0.id=p1_0.point_record_id 
    &amp#27;[34mleft&amp#27;[0m &amp#27;[34mjoin&amp#27;[0m
        &amp#27;[32m`member`&amp#27;[0m m2_0 
            &amp#27;[34mon&amp#27;[0m m2_0.id=pr1_0.&amp#27;[32m`member_id`&amp#27;[0m 
    &amp#27;[34mwhere&amp#27;[0m
        p1_0.id=?
2024-06-26T02:18:04.741+09:00 TRACE 38852 --- [3runner-bookstore] [           main] org.hibernate.orm.jdbc.bind              : binding parameter (1:BIGINT) <- [4]
2024-06-26T02:18:04.751+09:00 TRACE 38852 --- [3runner-bookstore] [           main] o.s.t.i.TransactionInterceptor           : Completing transaction for [org.springframework.data.jpa.repository.support.SimpleJpaRepository.delete]
]]></system-out>
  </testcase>
  <testcase name="existsPurchaseByOrderNumber" classname="com.nhnacademy.bookstore.purchase.purchase.repository.PurchaseRepositoryTest" time="0.937">
    <system-out><![CDATA[2024-06-26T02:18:04.821+09:00 TRACE 38852 --- [3runner-bookstore] [           main] o.s.t.i.TransactionInterceptor           : Getting transaction for [com.nhnacademy.bookstore.member.member.service.impl.MemberServiceImpl.save]
2024-06-26T02:18:04.821+09:00 TRACE 38852 --- [3runner-bookstore] [           main] o.s.t.i.TransactionInterceptor           : Getting transaction for [org.springframework.data.jpa.repository.support.SimpleJpaRepository.save]
&amp#27;[35m[Hibernate]&amp#27;[0m 
    /* &amp#27;[34minsert&amp#27;[0m &amp#27;[34mfor&amp#27;[0m
        com.nhnacademy.bookstore.entity.&amp#27;[34mmember&amp#27;[0m.&amp#27;[34mMember&amp#27;[0m */&amp#27;[34minsert&amp#27;[0m 
    &amp#27;[34minto&amp#27;[0m
        &amp#27;[32m`member`&amp#27;[0m (
            age, birthday, created_at, deleted_at, email, grade, last_login_date, modified_at, name, password, phone, point, status
        ) 
    &amp#27;[34mvalues&amp#27;[0m
        (?, ?, ?, ?, ?, ?, ?, ?, ?, ?, ?, ?, ?)
2024-06-26T02:18:04.822+09:00 TRACE 38852 --- [3runner-bookstore] [           main] org.hibernate.orm.jdbc.bind              : binding parameter (1:INTEGER) <- [1]
2024-06-26T02:18:04.822+09:00 TRACE 38852 --- [3runner-bookstore] [           main] org.hibernate.orm.jdbc.bind              : binding parameter (2:TIMESTAMP_UTC) <- [2024-06-26T02:18:04.811689+09:00[Asia/Seoul]]
2024-06-26T02:18:04.822+09:00 TRACE 38852 --- [3runner-bookstore] [           main] org.hibernate.orm.jdbc.bind              : binding parameter (3:TIMESTAMP_UTC) <- [2024-06-26T02:18:04.811715+09:00[Asia/Seoul]]
2024-06-26T02:18:04.822+09:00 TRACE 38852 --- [3runner-bookstore] [           main] org.hibernate.orm.jdbc.bind              : binding parameter (4:TIMESTAMP_UTC) <- [null]
2024-06-26T02:18:04.822+09:00 TRACE 38852 --- [3runner-bookstore] [           main] org.hibernate.orm.jdbc.bind              : binding parameter (5:VARCHAR) <- [dfdaf@nav.com]
2024-06-26T02:18:04.822+09:00 TRACE 38852 --- [3runner-bookstore] [           main] org.hibernate.orm.jdbc.bind              : binding parameter (6:TINYINT) <- [General]
2024-06-26T02:18:04.822+09:00 TRACE 38852 --- [3runner-bookstore] [           main] org.hibernate.orm.jdbc.bind              : binding parameter (7:TIMESTAMP_UTC) <- [null]
2024-06-26T02:18:04.822+09:00 TRACE 38852 --- [3runner-bookstore] [           main] org.hibernate.orm.jdbc.bind              : binding parameter (8:TIMESTAMP_UTC) <- [null]
2024-06-26T02:18:04.822+09:00 TRACE 38852 --- [3runner-bookstore] [           main] org.hibernate.orm.jdbc.bind              : binding parameter (9:VARCHAR) <- [1]
2024-06-26T02:18:04.822+09:00 TRACE 38852 --- [3runner-bookstore] [           main] org.hibernate.orm.jdbc.bind              : binding parameter (10:VARCHAR) <- [1]
2024-06-26T02:18:04.822+09:00 TRACE 38852 --- [3runner-bookstore] [           main] org.hibernate.orm.jdbc.bind              : binding parameter (11:VARCHAR) <- [1]
2024-06-26T02:18:04.822+09:00 TRACE 38852 --- [3runner-bookstore] [           main] org.hibernate.orm.jdbc.bind              : binding parameter (12:BIGINT) <- [5000]
2024-06-26T02:18:04.822+09:00 TRACE 38852 --- [3runner-bookstore] [           main] org.hibernate.orm.jdbc.bind              : binding parameter (13:TINYINT) <- [Active]
2024-06-26T02:18:04.832+09:00 TRACE 38852 --- [3runner-bookstore] [           main] o.s.t.i.TransactionInterceptor           : Completing transaction for [org.springframework.data.jpa.repository.support.SimpleJpaRepository.save]
2024-06-26T02:18:04.833+09:00 TRACE 38852 --- [3runner-bookstore] [           main] o.s.t.i.TransactionInterceptor           : Completing transaction for [com.nhnacademy.bookstore.member.member.service.impl.MemberServiceImpl.save]
2024-06-26T02:18:04.897+09:00 TRACE 38852 --- [3runner-bookstore] [           main] o.s.t.i.TransactionInterceptor           : Getting transaction for [com.nhnacademy.bookstore.member.member.service.impl.MemberServiceImpl.save]
2024-06-26T02:18:04.897+09:00 TRACE 38852 --- [3runner-bookstore] [           main] o.s.t.i.TransactionInterceptor           : Getting transaction for [org.springframework.data.jpa.repository.support.SimpleJpaRepository.save]
&amp#27;[35m[Hibernate]&amp#27;[0m 
    /* &amp#27;[34minsert&amp#27;[0m &amp#27;[34mfor&amp#27;[0m
        com.nhnacademy.bookstore.entity.&amp#27;[34mmember&amp#27;[0m.&amp#27;[34mMember&amp#27;[0m */&amp#27;[34minsert&amp#27;[0m 
    &amp#27;[34minto&amp#27;[0m
        &amp#27;[32m`member`&amp#27;[0m (
            age, birthday, created_at, deleted_at, email, grade, last_login_date, modified_at, name, password, phone, point, status
        ) 
    &amp#27;[34mvalues&amp#27;[0m
        (?, ?, ?, ?, ?, ?, ?, ?, ?, ?, ?, ?, ?)
2024-06-26T02:18:04.898+09:00 TRACE 38852 --- [3runner-bookstore] [           main] org.hibernate.orm.jdbc.bind              : binding parameter (1:INTEGER) <- [1]
2024-06-26T02:18:04.899+09:00 TRACE 38852 --- [3runner-bookstore] [           main] org.hibernate.orm.jdbc.bind              : binding parameter (2:TIMESTAMP_UTC) <- [2024-06-26T02:18:04.811731+09:00[Asia/Seoul]]
2024-06-26T02:18:04.899+09:00 TRACE 38852 --- [3runner-bookstore] [           main] org.hibernate.orm.jdbc.bind              : binding parameter (3:TIMESTAMP_UTC) <- [2024-06-26T02:18:04.811736+09:00[Asia/Seoul]]
2024-06-26T02:18:04.899+09:00 TRACE 38852 --- [3runner-bookstore] [           main] org.hibernate.orm.jdbc.bind              : binding parameter (4:TIMESTAMP_UTC) <- [null]
2024-06-26T02:18:04.899+09:00 TRACE 38852 --- [3runner-bookstore] [           main] org.hibernate.orm.jdbc.bind              : binding parameter (5:VARCHAR) <- [dfdadf@nav.com]
2024-06-26T02:18:04.899+09:00 TRACE 38852 --- [3runner-bookstore] [           main] org.hibernate.orm.jdbc.bind              : binding parameter (6:TINYINT) <- [General]
2024-06-26T02:18:04.899+09:00 TRACE 38852 --- [3runner-bookstore] [           main] org.hibernate.orm.jdbc.bind              : binding parameter (7:TIMESTAMP_UTC) <- [null]
2024-06-26T02:18:04.899+09:00 TRACE 38852 --- [3runner-bookstore] [           main] org.hibernate.orm.jdbc.bind              : binding parameter (8:TIMESTAMP_UTC) <- [null]
2024-06-26T02:18:04.899+09:00 TRACE 38852 --- [3runner-bookstore] [           main] org.hibernate.orm.jdbc.bind              : binding parameter (9:VARCHAR) <- [1]
2024-06-26T02:18:04.899+09:00 TRACE 38852 --- [3runner-bookstore] [           main] org.hibernate.orm.jdbc.bind              : binding parameter (10:VARCHAR) <- [1]
2024-06-26T02:18:04.899+09:00 TRACE 38852 --- [3runner-bookstore] [           main] org.hibernate.orm.jdbc.bind              : binding parameter (11:VARCHAR) <- [1]
2024-06-26T02:18:04.899+09:00 TRACE 38852 --- [3runner-bookstore] [           main] org.hibernate.orm.jdbc.bind              : binding parameter (12:BIGINT) <- [5000]
2024-06-26T02:18:04.899+09:00 TRACE 38852 --- [3runner-bookstore] [           main] org.hibernate.orm.jdbc.bind              : binding parameter (13:TINYINT) <- [Active]
2024-06-26T02:18:04.909+09:00 TRACE 38852 --- [3runner-bookstore] [           main] o.s.t.i.TransactionInterceptor           : Completing transaction for [org.springframework.data.jpa.repository.support.SimpleJpaRepository.save]
2024-06-26T02:18:04.909+09:00 TRACE 38852 --- [3runner-bookstore] [           main] o.s.t.i.TransactionInterceptor           : Completing transaction for [com.nhnacademy.bookstore.member.member.service.impl.MemberServiceImpl.save]
2024-06-26T02:18:04.942+09:00 TRACE 38852 --- [3runner-bookstore] [           main] o.s.t.i.TransactionInterceptor           : Getting transaction for [org.springframework.data.jpa.repository.support.SimpleJpaRepository.save]
&amp#27;[35m[Hibernate]&amp#27;[0m 
    &amp#27;[34mselect&amp#27;[0m
        p1_0.id,
        p1_0.created_at,
        p1_0.delivery_price,
        m1_0.id,
        m1_0.age,
        m1_0.birthday,
        m1_0.created_at,
        m1_0.deleted_at,
        m1_0.email,
        m1_0.grade,
        m1_0.last_login_date,
        m1_0.modified_at,
        m1_0.name,
        m1_0.password,
        m1_0.phone,
        m1_0.point,
        m1_0.status,
        al1_0.&amp#27;[32m`member_id`&amp#27;[0m,
        al1_0.id,
        al1_0.city,
        al1_0.country,
        al1_0.name,
        al1_0.postal_code,
        al1_0.road,
        al1_0.state,
        p1_0.member_type,
        p1_0.order_number,
        p1_0.password,
        pr1_0.id,
        pr1_0.content,
        pr1_0.created_at,
        pr1_0.&amp#27;[32m`member_id`&amp#27;[0m,
        m3_0.id,
        m3_0.age,
        m3_0.birthday,
        m3_0.created_at,
        m3_0.deleted_at,
        m3_0.email,
        m3_0.grade,
        m3_0.last_login_date,
        m3_0.modified_at,
        m3_0.name,
        m3_0.password,
        m3_0.phone,
        m3_0.point,
        m3_0.status,
        pr1_0.member_point,
        pr1_0.remnant_point,
        p1_0.road,
        p1_0.status,
        p1_0.total_price 
    &amp#27;[34mfrom&amp#27;[0m
        purchase p1_0 
    &amp#27;[34mleft&amp#27;[0m &amp#27;[34mjoin&amp#27;[0m
        &amp#27;[32m`member`&amp#27;[0m m1_0 
            &amp#27;[34mon&amp#27;[0m m1_0.id=p1_0.&amp#27;[32m`member_id`&amp#27;[0m 
    &amp#27;[34mleft&amp#27;[0m &amp#27;[34mjoin&amp#27;[0m
        address al1_0 
            &amp#27;[34mon&amp#27;[0m m1_0.id=al1_0.&amp#27;[32m`member_id`&amp#27;[0m 
    &amp#27;[34mleft&amp#27;[0m &amp#27;[34mjoin&amp#27;[0m
        point_record pr1_0 
            &amp#27;[34mon&amp#27;[0m pr1_0.id=p1_0.point_record_id 
    &amp#27;[34mleft&amp#27;[0m &amp#27;[34mjoin&amp#27;[0m
        &amp#27;[32m`member`&amp#27;[0m m3_0 
            &amp#27;[34mon&amp#27;[0m m3_0.id=pr1_0.&amp#27;[32m`member_id`&amp#27;[0m 
    &amp#27;[34mwhere&amp#27;[0m
        p1_0.id=?
2024-06-26T02:18:04.943+09:00 TRACE 38852 --- [3runner-bookstore] [           main] org.hibernate.orm.jdbc.bind              : binding parameter (1:BIGINT) <- [1]
&amp#27;[35m[Hibernate]&amp#27;[0m 
    &amp#27;[34mselect&amp#27;[0m
        m1_0.id,
        m1_0.age,
        m1_0.birthday,
        m1_0.created_at,
        m1_0.deleted_at,
        m1_0.email,
        m1_0.grade,
        m1_0.last_login_date,
        m1_0.modified_at,
        m1_0.name,
        m1_0.password,
        m1_0.phone,
        m1_0.point,
        m1_0.status 
    &amp#27;[34mfrom&amp#27;[0m
        &amp#27;[32m`member`&amp#27;[0m m1_0 
    &amp#27;[34mwhere&amp#27;[0m
        m1_0.id=?
2024-06-26T02:18:04.955+09:00 TRACE 38852 --- [3runner-bookstore] [           main] org.hibernate.orm.jdbc.bind              : binding parameter (1:BIGINT) <- [634]
&amp#27;[35m[Hibernate]&amp#27;[0m 
    /* &amp#27;[34minsert&amp#27;[0m &amp#27;[34mfor&amp#27;[0m
        com.nhnacademy.bookstore.entity.purchase.Purchase */&amp#27;[34minsert&amp#27;[0m 
    &amp#27;[34minto&amp#27;[0m
        purchase (created_at, delivery_price, &amp#27;[32m`member_id`&amp#27;[0m, member_type, order_number, password, point_record_id, road, status, total_price) 
    &amp#27;[34mvalues&amp#27;[0m
        (?, ?, ?, ?, ?, ?, ?, ?, ?, ?)
2024-06-26T02:18:04.966+09:00 TRACE 38852 --- [3runner-bookstore] [           main] org.hibernate.orm.jdbc.bind              : binding parameter (1:TIMESTAMP_UTC) <- [2024-06-26T02:18:04.932504+09:00[Asia/Seoul]]
2024-06-26T02:18:04.966+09:00 TRACE 38852 --- [3runner-bookstore] [           main] org.hibernate.orm.jdbc.bind              : binding parameter (2:INTEGER) <- [100]
2024-06-26T02:18:04.966+09:00 TRACE 38852 --- [3runner-bookstore] [           main] org.hibernate.orm.jdbc.bind              : binding parameter (3:BIGINT) <- [634]
2024-06-26T02:18:04.966+09:00 TRACE 38852 --- [3runner-bookstore] [           main] org.hibernate.orm.jdbc.bind              : binding parameter (4:TINYINT) <- [MEMBER]
2024-06-26T02:18:04.966+09:00 TRACE 38852 --- [3runner-bookstore] [           main] org.hibernate.orm.jdbc.bind              : binding parameter (5:BINARY) <- [b01cb088-ffbc-4af6-8ad8-0492d3cf006c]
2024-06-26T02:18:04.966+09:00 TRACE 38852 --- [3runner-bookstore] [           main] org.hibernate.orm.jdbc.bind              : binding parameter (6:VARCHAR) <- [password]
2024-06-26T02:18:04.966+09:00 TRACE 38852 --- [3runner-bookstore] [           main] org.hibernate.orm.jdbc.bind              : binding parameter (7:BIGINT) <- [null]
2024-06-26T02:18:04.966+09:00 TRACE 38852 --- [3runner-bookstore] [           main] org.hibernate.orm.jdbc.bind              : binding parameter (8:VARCHAR) <- [road]
2024-06-26T02:18:04.966+09:00 TRACE 38852 --- [3runner-bookstore] [           main] org.hibernate.orm.jdbc.bind              : binding parameter (9:TINYINT) <- [SHIPPED]
2024-06-26T02:18:04.966+09:00 TRACE 38852 --- [3runner-bookstore] [           main] org.hibernate.orm.jdbc.bind              : binding parameter (10:INTEGER) <- [10]
2024-06-26T02:18:04.977+09:00 TRACE 38852 --- [3runner-bookstore] [           main] o.s.t.i.TransactionInterceptor           : Completing transaction for [org.springframework.data.jpa.repository.support.SimpleJpaRepository.save]
2024-06-26T02:18:05.043+09:00 TRACE 38852 --- [3runner-bookstore] [           main] o.s.t.i.TransactionInterceptor           : Getting transaction for [org.springframework.data.jpa.repository.support.SimpleJpaRepository.save]
&amp#27;[35m[Hibernate]&amp#27;[0m 
    &amp#27;[34mselect&amp#27;[0m
        p1_0.id,
        p1_0.created_at,
        p1_0.delivery_price,
        m1_0.id,
        m1_0.age,
        m1_0.birthday,
        m1_0.created_at,
        m1_0.deleted_at,
        m1_0.email,
        m1_0.grade,
        m1_0.last_login_date,
        m1_0.modified_at,
        m1_0.name,
        m1_0.password,
        m1_0.phone,
        m1_0.point,
        m1_0.status,
        al1_0.&amp#27;[32m`member_id`&amp#27;[0m,
        al1_0.id,
        al1_0.city,
        al1_0.country,
        al1_0.name,
        al1_0.postal_code,
        al1_0.road,
        al1_0.state,
        p1_0.member_type,
        p1_0.order_number,
        p1_0.password,
        pr1_0.id,
        pr1_0.content,
        pr1_0.created_at,
        pr1_0.&amp#27;[32m`member_id`&amp#27;[0m,
        m3_0.id,
        m3_0.age,
        m3_0.birthday,
        m3_0.created_at,
        m3_0.deleted_at,
        m3_0.email,
        m3_0.grade,
        m3_0.last_login_date,
        m3_0.modified_at,
        m3_0.name,
        m3_0.password,
        m3_0.phone,
        m3_0.point,
        m3_0.status,
        pr1_0.member_point,
        pr1_0.remnant_point,
        p1_0.road,
        p1_0.status,
        p1_0.total_price 
    &amp#27;[34mfrom&amp#27;[0m
        purchase p1_0 
    &amp#27;[34mleft&amp#27;[0m &amp#27;[34mjoin&amp#27;[0m
        &amp#27;[32m`member`&amp#27;[0m m1_0 
            &amp#27;[34mon&amp#27;[0m m1_0.id=p1_0.&amp#27;[32m`member_id`&amp#27;[0m 
    &amp#27;[34mleft&amp#27;[0m &amp#27;[34mjoin&amp#27;[0m
        address al1_0 
            &amp#27;[34mon&amp#27;[0m m1_0.id=al1_0.&amp#27;[32m`member_id`&amp#27;[0m 
    &amp#27;[34mleft&amp#27;[0m &amp#27;[34mjoin&amp#27;[0m
        point_record pr1_0 
            &amp#27;[34mon&amp#27;[0m pr1_0.id=p1_0.point_record_id 
    &amp#27;[34mleft&amp#27;[0m &amp#27;[34mjoin&amp#27;[0m
        &amp#27;[32m`member`&amp#27;[0m m3_0 
            &amp#27;[34mon&amp#27;[0m m3_0.id=pr1_0.&amp#27;[32m`member_id`&amp#27;[0m 
    &amp#27;[34mwhere&amp#27;[0m
        p1_0.id=?
2024-06-26T02:18:05.044+09:00 TRACE 38852 --- [3runner-bookstore] [           main] org.hibernate.orm.jdbc.bind              : binding parameter (1:BIGINT) <- [2]
&amp#27;[35m[Hibernate]&amp#27;[0m 
    &amp#27;[34mselect&amp#27;[0m
        m1_0.id,
        m1_0.age,
        m1_0.birthday,
        m1_0.created_at,
        m1_0.deleted_at,
        m1_0.email,
        m1_0.grade,
        m1_0.last_login_date,
        m1_0.modified_at,
        m1_0.name,
        m1_0.password,
        m1_0.phone,
        m1_0.point,
        m1_0.status 
    &amp#27;[34mfrom&amp#27;[0m
        &amp#27;[32m`member`&amp#27;[0m m1_0 
    &amp#27;[34mwhere&amp#27;[0m
        m1_0.id=?
2024-06-26T02:18:05.058+09:00 TRACE 38852 --- [3runner-bookstore] [           main] org.hibernate.orm.jdbc.bind              : binding parameter (1:BIGINT) <- [634]
&amp#27;[35m[Hibernate]&amp#27;[0m 
    /* &amp#27;[34minsert&amp#27;[0m &amp#27;[34mfor&amp#27;[0m
        com.nhnacademy.bookstore.entity.purchase.Purchase */&amp#27;[34minsert&amp#27;[0m 
    &amp#27;[34minto&amp#27;[0m
        purchase (created_at, delivery_price, &amp#27;[32m`member_id`&amp#27;[0m, member_type, order_number, password, point_record_id, road, status, total_price) 
    &amp#27;[34mvalues&amp#27;[0m
        (?, ?, ?, ?, ?, ?, ?, ?, ?, ?)
2024-06-26T02:18:05.069+09:00 TRACE 38852 --- [3runner-bookstore] [           main] org.hibernate.orm.jdbc.bind              : binding parameter (1:TIMESTAMP_UTC) <- [2024-06-26T02:18:04.932520+09:00[Asia/Seoul]]
2024-06-26T02:18:05.069+09:00 TRACE 38852 --- [3runner-bookstore] [           main] org.hibernate.orm.jdbc.bind              : binding parameter (2:INTEGER) <- [100]
2024-06-26T02:18:05.069+09:00 TRACE 38852 --- [3runner-bookstore] [           main] org.hibernate.orm.jdbc.bind              : binding parameter (3:BIGINT) <- [634]
2024-06-26T02:18:05.069+09:00 TRACE 38852 --- [3runner-bookstore] [           main] org.hibernate.orm.jdbc.bind              : binding parameter (4:TINYINT) <- [MEMBER]
2024-06-26T02:18:05.069+09:00 TRACE 38852 --- [3runner-bookstore] [           main] org.hibernate.orm.jdbc.bind              : binding parameter (5:BINARY) <- [c22db2e6-6421-473e-b8d4-20d654470e61]
2024-06-26T02:18:05.069+09:00 TRACE 38852 --- [3runner-bookstore] [           main] org.hibernate.orm.jdbc.bind              : binding parameter (6:VARCHAR) <- [password]
2024-06-26T02:18:05.069+09:00 TRACE 38852 --- [3runner-bookstore] [           main] org.hibernate.orm.jdbc.bind              : binding parameter (7:BIGINT) <- [null]
2024-06-26T02:18:05.069+09:00 TRACE 38852 --- [3runner-bookstore] [           main] org.hibernate.orm.jdbc.bind              : binding parameter (8:VARCHAR) <- [road]
2024-06-26T02:18:05.069+09:00 TRACE 38852 --- [3runner-bookstore] [           main] org.hibernate.orm.jdbc.bind              : binding parameter (9:TINYINT) <- [SHIPPED]
2024-06-26T02:18:05.069+09:00 TRACE 38852 --- [3runner-bookstore] [           main] org.hibernate.orm.jdbc.bind              : binding parameter (10:INTEGER) <- [10]
2024-06-26T02:18:05.080+09:00 TRACE 38852 --- [3runner-bookstore] [           main] o.s.t.i.TransactionInterceptor           : Completing transaction for [org.springframework.data.jpa.repository.support.SimpleJpaRepository.save]
2024-06-26T02:18:05.132+09:00 TRACE 38852 --- [3runner-bookstore] [           main] o.s.t.i.TransactionInterceptor           : Getting transaction for [org.springframework.data.jpa.repository.support.SimpleJpaRepository.save]
&amp#27;[35m[Hibernate]&amp#27;[0m 
    &amp#27;[34mselect&amp#27;[0m
        p1_0.id,
        p1_0.created_at,
        p1_0.delivery_price,
        m1_0.id,
        m1_0.age,
        m1_0.birthday,
        m1_0.created_at,
        m1_0.deleted_at,
        m1_0.email,
        m1_0.grade,
        m1_0.last_login_date,
        m1_0.modified_at,
        m1_0.name,
        m1_0.password,
        m1_0.phone,
        m1_0.point,
        m1_0.status,
        al1_0.&amp#27;[32m`member_id`&amp#27;[0m,
        al1_0.id,
        al1_0.city,
        al1_0.country,
        al1_0.name,
        al1_0.postal_code,
        al1_0.road,
        al1_0.state,
        p1_0.member_type,
        p1_0.order_number,
        p1_0.password,
        pr1_0.id,
        pr1_0.content,
        pr1_0.created_at,
        pr1_0.&amp#27;[32m`member_id`&amp#27;[0m,
        m3_0.id,
        m3_0.age,
        m3_0.birthday,
        m3_0.created_at,
        m3_0.deleted_at,
        m3_0.email,
        m3_0.grade,
        m3_0.last_login_date,
        m3_0.modified_at,
        m3_0.name,
        m3_0.password,
        m3_0.phone,
        m3_0.point,
        m3_0.status,
        pr1_0.member_point,
        pr1_0.remnant_point,
        p1_0.road,
        p1_0.status,
        p1_0.total_price 
    &amp#27;[34mfrom&amp#27;[0m
        purchase p1_0 
    &amp#27;[34mleft&amp#27;[0m &amp#27;[34mjoin&amp#27;[0m
        &amp#27;[32m`member`&amp#27;[0m m1_0 
            &amp#27;[34mon&amp#27;[0m m1_0.id=p1_0.&amp#27;[32m`member_id`&amp#27;[0m 
    &amp#27;[34mleft&amp#27;[0m &amp#27;[34mjoin&amp#27;[0m
        address al1_0 
            &amp#27;[34mon&amp#27;[0m m1_0.id=al1_0.&amp#27;[32m`member_id`&amp#27;[0m 
    &amp#27;[34mleft&amp#27;[0m &amp#27;[34mjoin&amp#27;[0m
        point_record pr1_0 
            &amp#27;[34mon&amp#27;[0m pr1_0.id=p1_0.point_record_id 
    &amp#27;[34mleft&amp#27;[0m &amp#27;[34mjoin&amp#27;[0m
        &amp#27;[32m`member`&amp#27;[0m m3_0 
            &amp#27;[34mon&amp#27;[0m m3_0.id=pr1_0.&amp#27;[32m`member_id`&amp#27;[0m 
    &amp#27;[34mwhere&amp#27;[0m
        p1_0.id=?
2024-06-26T02:18:05.133+09:00 TRACE 38852 --- [3runner-bookstore] [           main] org.hibernate.orm.jdbc.bind              : binding parameter (1:BIGINT) <- [3]
&amp#27;[35m[Hibernate]&amp#27;[0m 
    &amp#27;[34mselect&amp#27;[0m
        m1_0.id,
        m1_0.age,
        m1_0.birthday,
        m1_0.created_at,
        m1_0.deleted_at,
        m1_0.email,
        m1_0.grade,
        m1_0.last_login_date,
        m1_0.modified_at,
        m1_0.name,
        m1_0.password,
        m1_0.phone,
        m1_0.point,
        m1_0.status 
    &amp#27;[34mfrom&amp#27;[0m
        &amp#27;[32m`member`&amp#27;[0m m1_0 
    &amp#27;[34mwhere&amp#27;[0m
        m1_0.id=?
2024-06-26T02:18:05.152+09:00 TRACE 38852 --- [3runner-bookstore] [           main] org.hibernate.orm.jdbc.bind              : binding parameter (1:BIGINT) <- [634]
&amp#27;[35m[Hibernate]&amp#27;[0m 
    /* &amp#27;[34minsert&amp#27;[0m &amp#27;[34mfor&amp#27;[0m
        com.nhnacademy.bookstore.entity.purchase.Purchase */&amp#27;[34minsert&amp#27;[0m 
    &amp#27;[34minto&amp#27;[0m
        purchase (created_at, delivery_price, &amp#27;[32m`member_id`&amp#27;[0m, member_type, order_number, password, point_record_id, road, status, total_price) 
    &amp#27;[34mvalues&amp#27;[0m
        (?, ?, ?, ?, ?, ?, ?, ?, ?, ?)
2024-06-26T02:18:05.162+09:00 TRACE 38852 --- [3runner-bookstore] [           main] org.hibernate.orm.jdbc.bind              : binding parameter (1:TIMESTAMP_UTC) <- [2024-06-26T02:18:04.932526+09:00[Asia/Seoul]]
2024-06-26T02:18:05.162+09:00 TRACE 38852 --- [3runner-bookstore] [           main] org.hibernate.orm.jdbc.bind              : binding parameter (2:INTEGER) <- [100]
2024-06-26T02:18:05.162+09:00 TRACE 38852 --- [3runner-bookstore] [           main] org.hibernate.orm.jdbc.bind              : binding parameter (3:BIGINT) <- [634]
2024-06-26T02:18:05.162+09:00 TRACE 38852 --- [3runner-bookstore] [           main] org.hibernate.orm.jdbc.bind              : binding parameter (4:TINYINT) <- [MEMBER]
2024-06-26T02:18:05.162+09:00 TRACE 38852 --- [3runner-bookstore] [           main] org.hibernate.orm.jdbc.bind              : binding parameter (5:BINARY) <- [bffe6ef3-3244-4d83-80af-2f925521f698]
2024-06-26T02:18:05.162+09:00 TRACE 38852 --- [3runner-bookstore] [           main] org.hibernate.orm.jdbc.bind              : binding parameter (6:VARCHAR) <- [password]
2024-06-26T02:18:05.162+09:00 TRACE 38852 --- [3runner-bookstore] [           main] org.hibernate.orm.jdbc.bind              : binding parameter (7:BIGINT) <- [null]
2024-06-26T02:18:05.162+09:00 TRACE 38852 --- [3runner-bookstore] [           main] org.hibernate.orm.jdbc.bind              : binding parameter (8:VARCHAR) <- [road]
2024-06-26T02:18:05.162+09:00 TRACE 38852 --- [3runner-bookstore] [           main] org.hibernate.orm.jdbc.bind              : binding parameter (9:TINYINT) <- [SHIPPED]
2024-06-26T02:18:05.162+09:00 TRACE 38852 --- [3runner-bookstore] [           main] org.hibernate.orm.jdbc.bind              : binding parameter (10:INTEGER) <- [10]
2024-06-26T02:18:05.172+09:00 TRACE 38852 --- [3runner-bookstore] [           main] o.s.t.i.TransactionInterceptor           : Completing transaction for [org.springframework.data.jpa.repository.support.SimpleJpaRepository.save]
2024-06-26T02:18:05.235+09:00 TRACE 38852 --- [3runner-bookstore] [           main] o.s.t.i.TransactionInterceptor           : Getting transaction for [org.springframework.data.jpa.repository.support.SimpleJpaRepository.save]
&amp#27;[35m[Hibernate]&amp#27;[0m 
    &amp#27;[34mselect&amp#27;[0m
        p1_0.id,
        p1_0.created_at,
        p1_0.delivery_price,
        m1_0.id,
        m1_0.age,
        m1_0.birthday,
        m1_0.created_at,
        m1_0.deleted_at,
        m1_0.email,
        m1_0.grade,
        m1_0.last_login_date,
        m1_0.modified_at,
        m1_0.name,
        m1_0.password,
        m1_0.phone,
        m1_0.point,
        m1_0.status,
        al1_0.&amp#27;[32m`member_id`&amp#27;[0m,
        al1_0.id,
        al1_0.city,
        al1_0.country,
        al1_0.name,
        al1_0.postal_code,
        al1_0.road,
        al1_0.state,
        p1_0.member_type,
        p1_0.order_number,
        p1_0.password,
        pr1_0.id,
        pr1_0.content,
        pr1_0.created_at,
        pr1_0.&amp#27;[32m`member_id`&amp#27;[0m,
        m3_0.id,
        m3_0.age,
        m3_0.birthday,
        m3_0.created_at,
        m3_0.deleted_at,
        m3_0.email,
        m3_0.grade,
        m3_0.last_login_date,
        m3_0.modified_at,
        m3_0.name,
        m3_0.password,
        m3_0.phone,
        m3_0.point,
        m3_0.status,
        pr1_0.member_point,
        pr1_0.remnant_point,
        p1_0.road,
        p1_0.status,
        p1_0.total_price 
    &amp#27;[34mfrom&amp#27;[0m
        purchase p1_0 
    &amp#27;[34mleft&amp#27;[0m &amp#27;[34mjoin&amp#27;[0m
        &amp#27;[32m`member`&amp#27;[0m m1_0 
            &amp#27;[34mon&amp#27;[0m m1_0.id=p1_0.&amp#27;[32m`member_id`&amp#27;[0m 
    &amp#27;[34mleft&amp#27;[0m &amp#27;[34mjoin&amp#27;[0m
        address al1_0 
            &amp#27;[34mon&amp#27;[0m m1_0.id=al1_0.&amp#27;[32m`member_id`&amp#27;[0m 
    &amp#27;[34mleft&amp#27;[0m &amp#27;[34mjoin&amp#27;[0m
        point_record pr1_0 
            &amp#27;[34mon&amp#27;[0m pr1_0.id=p1_0.point_record_id 
    &amp#27;[34mleft&amp#27;[0m &amp#27;[34mjoin&amp#27;[0m
        &amp#27;[32m`member`&amp#27;[0m m3_0 
[...]
2024-06-26T02:18:05.365+09:00 TRACE 38852 --- [3runner-bookstore] [           main] org.hibernate.orm.jdbc.bind              : binding parameter (2:INTEGER) <- [1]
2024-06-26T02:18:05.389+09:00 TRACE 38852 --- [3runner-bookstore] [           main] o.s.t.i.TransactionInterceptor           : Getting transaction for [com.nhnacademy.bookstore.member.member.service.impl.MemberServiceImpl.deleteMember]
2024-06-26T02:18:05.390+09:00 TRACE 38852 --- [3runner-bookstore] [           main] o.s.t.i.TransactionInterceptor           : Getting transaction for [org.springframework.data.jpa.repository.support.SimpleJpaRepository.findById]
&amp#27;[35m[Hibernate]&amp#27;[0m 
    &amp#27;[34mselect&amp#27;[0m
        m1_0.id,
        m1_0.age,
        m1_0.birthday,
        m1_0.created_at,
        m1_0.deleted_at,
        m1_0.email,
        m1_0.grade,
        m1_0.last_login_date,
        m1_0.modified_at,
        m1_0.name,
        m1_0.password,
        m1_0.phone,
        m1_0.point,
        m1_0.status 
    &amp#27;[34mfrom&amp#27;[0m
        &amp#27;[32m`member`&amp#27;[0m m1_0 
    &amp#27;[34mwhere&amp#27;[0m
        m1_0.id=?
2024-06-26T02:18:05.390+09:00 TRACE 38852 --- [3runner-bookstore] [           main] org.hibernate.orm.jdbc.bind              : binding parameter (1:BIGINT) <- [634]
2024-06-26T02:18:05.413+09:00 TRACE 38852 --- [3runner-bookstore] [           main] o.s.t.i.TransactionInterceptor           : Completing transaction for [org.springframework.data.jpa.repository.support.SimpleJpaRepository.findById]
2024-06-26T02:18:05.413+09:00 TRACE 38852 --- [3runner-bookstore] [           main] o.s.t.i.TransactionInterceptor           : Getting transaction for [org.springframework.data.jpa.repository.support.SimpleJpaRepository.save]
2024-06-26T02:18:05.413+09:00 TRACE 38852 --- [3runner-bookstore] [           main] o.s.t.i.TransactionInterceptor           : Completing transaction for [org.springframework.data.jpa.repository.support.SimpleJpaRepository.save]
2024-06-26T02:18:05.413+09:00 TRACE 38852 --- [3runner-bookstore] [           main] o.s.t.i.TransactionInterceptor           : Completing transaction for [com.nhnacademy.bookstore.member.member.service.impl.MemberServiceImpl.deleteMember]
&amp#27;[35m[Hibernate]&amp#27;[0m 
    /* &amp#27;[34mupdate&amp#27;[0m
        &amp#27;[34mfor&amp#27;[0m com.nhnacademy.bookstore.entity.&amp#27;[34mmember&amp#27;[0m.&amp#27;[34mMember&amp#27;[0m */&amp#27;[34mupdate&amp#27;[0m &amp#27;[32m`member`&amp#27;[0m 
    &amp#27;[34mset&amp#27;[0m
        age=?,
        birthday=?,
        created_at=?,
        deleted_at=?,
        email=?,
        grade=?,
        last_login_date=?,
        modified_at=?,
        name=?,
        password=?,
        phone=?,
        point=?,
        status=? 
    &amp#27;[34mwhere&amp#27;[0m
        id=?
2024-06-26T02:18:05.414+09:00 TRACE 38852 --- [3runner-bookstore] [           main] org.hibernate.orm.jdbc.bind              : binding parameter (1:INTEGER) <- [1]
2024-06-26T02:18:05.414+09:00 TRACE 38852 --- [3runner-bookstore] [           main] org.hibernate.orm.jdbc.bind              : binding parameter (2:TIMESTAMP_UTC) <- [2024-06-25T17:18:04.811689Z]
2024-06-26T02:18:05.414+09:00 TRACE 38852 --- [3runner-bookstore] [           main] org.hibernate.orm.jdbc.bind              : binding parameter (3:TIMESTAMP_UTC) <- [2024-06-25T17:18:04.811715Z]
2024-06-26T02:18:05.414+09:00 TRACE 38852 --- [3runner-bookstore] [           main] org.hibernate.orm.jdbc.bind              : binding parameter (4:TIMESTAMP_UTC) <- [2024-06-26T02:18:05.413825+09:00[Asia/Seoul]]
2024-06-26T02:18:05.414+09:00 TRACE 38852 --- [3runner-bookstore] [           main] org.hibernate.orm.jdbc.bind              : binding parameter (5:VARCHAR) <- [dfdaf@nav.com]
2024-06-26T02:18:05.414+09:00 TRACE 38852 --- [3runner-bookstore] [           main] org.hibernate.orm.jdbc.bind              : binding parameter (6:TINYINT) <- [General]
2024-06-26T02:18:05.414+09:00 TRACE 38852 --- [3runner-bookstore] [           main] org.hibernate.orm.jdbc.bind              : binding parameter (7:TIMESTAMP_UTC) <- [null]
2024-06-26T02:18:05.414+09:00 TRACE 38852 --- [3runner-bookstore] [           main] org.hibernate.orm.jdbc.bind              : binding parameter (8:TIMESTAMP_UTC) <- [null]
2024-06-26T02:18:05.414+09:00 TRACE 38852 --- [3runner-bookstore] [           main] org.hibernate.orm.jdbc.bind              : binding parameter (9:VARCHAR) <- [1]
2024-06-26T02:18:05.414+09:00 TRACE 38852 --- [3runner-bookstore] [           main] org.hibernate.orm.jdbc.bind              : binding parameter (10:VARCHAR) <- [1]
2024-06-26T02:18:05.414+09:00 TRACE 38852 --- [3runner-bookstore] [           main] org.hibernate.orm.jdbc.bind              : binding parameter (11:VARCHAR) <- [1]
2024-06-26T02:18:05.414+09:00 TRACE 38852 --- [3runner-bookstore] [           main] org.hibernate.orm.jdbc.bind              : binding parameter (12:BIGINT) <- [5000]
2024-06-26T02:18:05.414+09:00 TRACE 38852 --- [3runner-bookstore] [           main] org.hibernate.orm.jdbc.bind              : binding parameter (13:TINYINT) <- [Withdrawn]
2024-06-26T02:18:05.414+09:00 TRACE 38852 --- [3runner-bookstore] [           main] org.hibernate.orm.jdbc.bind              : binding parameter (14:BIGINT) <- [634]
2024-06-26T02:18:05.458+09:00 TRACE 38852 --- [3runner-bookstore] [           main] o.s.t.i.TransactionInterceptor           : Getting transaction for [com.nhnacademy.bookstore.member.member.service.impl.MemberServiceImpl.deleteMember]
2024-06-26T02:18:05.458+09:00 TRACE 38852 --- [3runner-bookstore] [           main] o.s.t.i.TransactionInterceptor           : Getting transaction for [org.springframework.data.jpa.repository.support.SimpleJpaRepository.findById]
&amp#27;[35m[Hibernate]&amp#27;[0m 
    &amp#27;[34mselect&amp#27;[0m
        m1_0.id,
        m1_0.age,
        m1_0.birthday,
        m1_0.created_at,
        m1_0.deleted_at,
        m1_0.email,
        m1_0.grade,
        m1_0.last_login_date,
        m1_0.modified_at,
        m1_0.name,
        m1_0.password,
        m1_0.phone,
        m1_0.point,
        m1_0.status 
    &amp#27;[34mfrom&amp#27;[0m
        &amp#27;[32m`member`&amp#27;[0m m1_0 
    &amp#27;[34mwhere&amp#27;[0m
        m1_0.id=?
2024-06-26T02:18:05.458+09:00 TRACE 38852 --- [3runner-bookstore] [           main] org.hibernate.orm.jdbc.bind              : binding parameter (1:BIGINT) <- [635]
2024-06-26T02:18:05.471+09:00 TRACE 38852 --- [3runner-bookstore] [           main] o.s.t.i.TransactionInterceptor           : Completing transaction for [org.springframework.data.jpa.repository.support.SimpleJpaRepository.findById]
2024-06-26T02:18:05.471+09:00 TRACE 38852 --- [3runner-bookstore] [           main] o.s.t.i.TransactionInterceptor           : Getting transaction for [org.springframework.data.jpa.repository.support.SimpleJpaRepository.save]
2024-06-26T02:18:05.471+09:00 TRACE 38852 --- [3runner-bookstore] [           main] o.s.t.i.TransactionInterceptor           : Completing transaction for [org.springframework.data.jpa.repository.support.SimpleJpaRepository.save]
2024-06-26T02:18:05.471+09:00 TRACE 38852 --- [3runner-bookstore] [           main] o.s.t.i.TransactionInterceptor           : Completing transaction for [com.nhnacademy.bookstore.member.member.service.impl.MemberServiceImpl.deleteMember]
&amp#27;[35m[Hibernate]&amp#27;[0m 
    /* &amp#27;[34mupdate&amp#27;[0m
        &amp#27;[34mfor&amp#27;[0m com.nhnacademy.bookstore.entity.&amp#27;[34mmember&amp#27;[0m.&amp#27;[34mMember&amp#27;[0m */&amp#27;[34mupdate&amp#27;[0m &amp#27;[32m`member`&amp#27;[0m 
    &amp#27;[34mset&amp#27;[0m
        age=?,
        birthday=?,
        created_at=?,
        deleted_at=?,
        email=?,
        grade=?,
        last_login_date=?,
        modified_at=?,
        name=?,
        password=?,
        phone=?,
        point=?,
        status=? 
    &amp#27;[34mwhere&amp#27;[0m
        id=?
2024-06-26T02:18:05.471+09:00 TRACE 38852 --- [3runner-bookstore] [           main] org.hibernate.orm.jdbc.bind              : binding parameter (1:INTEGER) <- [1]
2024-06-26T02:18:05.472+09:00 TRACE 38852 --- [3runner-bookstore] [           main] org.hibernate.orm.jdbc.bind              : binding parameter (2:TIMESTAMP_UTC) <- [2024-06-25T17:18:04.811731Z]
2024-06-26T02:18:05.472+09:00 TRACE 38852 --- [3runner-bookstore] [           main] org.hibernate.orm.jdbc.bind              : binding parameter (3:TIMESTAMP_UTC) <- [2024-06-25T17:18:04.811736Z]
2024-06-26T02:18:05.472+09:00 TRACE 38852 --- [3runner-bookstore] [           main] org.hibernate.orm.jdbc.bind              : binding parameter (4:TIMESTAMP_UTC) <- [2024-06-26T02:18:05.471046+09:00[Asia/Seoul]]
2024-06-26T02:18:05.472+09:00 TRACE 38852 --- [3runner-bookstore] [           main] org.hibernate.orm.jdbc.bind              : binding parameter (5:VARCHAR) <- [dfdadf@nav.com]
2024-06-26T02:18:05.472+09:00 TRACE 38852 --- [3runner-bookstore] [           main] org.hibernate.orm.jdbc.bind              : binding parameter (6:TINYINT) <- [General]
2024-06-26T02:18:05.472+09:00 TRACE 38852 --- [3runner-bookstore] [           main] org.hibernate.orm.jdbc.bind              : binding parameter (7:TIMESTAMP_UTC) <- [null]
2024-06-26T02:18:05.472+09:00 TRACE 38852 --- [3runner-bookstore] [           main] org.hibernate.orm.jdbc.bind              : binding parameter (8:TIMESTAMP_UTC) <- [null]
2024-06-26T02:18:05.472+09:00 TRACE 38852 --- [3runner-bookstore] [           main] org.hibernate.orm.jdbc.bind              : binding parameter (9:VARCHAR) <- [1]
2024-06-26T02:18:05.472+09:00 TRACE 38852 --- [3runner-bookstore] [           main] org.hibernate.orm.jdbc.bind              : binding parameter (10:VARCHAR) <- [1]
2024-06-26T02:18:05.472+09:00 TRACE 38852 --- [3runner-bookstore] [           main] org.hibernate.orm.jdbc.bind              : binding parameter (11:VARCHAR) <- [1]
2024-06-26T02:18:05.472+09:00 TRACE 38852 --- [3runner-bookstore] [           main] org.hibernate.orm.jdbc.bind              : binding parameter (12:BIGINT) <- [5000]
2024-06-26T02:18:05.472+09:00 TRACE 38852 --- [3runner-bookstore] [           main] org.hibernate.orm.jdbc.bind              : binding parameter (13:TINYINT) <- [Withdrawn]
2024-06-26T02:18:05.472+09:00 TRACE 38852 --- [3runner-bookstore] [           main] org.hibernate.orm.jdbc.bind              : binding parameter (14:BIGINT) <- [635]
2024-06-26T02:18:05.537+09:00 TRACE 38852 --- [3runner-bookstore] [           main] o.s.t.i.TransactionInterceptor           : Getting transaction for [org.springframework.data.jpa.repository.support.SimpleJpaRepository.delete]
&amp#27;[35m[Hibernate]&amp#27;[0m 
    &amp#27;[34mselect&amp#27;[0m
        p1_0.id,
        p1_0.created_at,
        p1_0.delivery_price,
        m1_0.id,
        m1_0.age,
        m1_0.birthday,
        m1_0.created_at,
        m1_0.deleted_at,
        m1_0.email,
        m1_0.grade,
        m1_0.last_login_date,
        m1_0.modified_at,
        m1_0.name,
        m1_0.password,
        m1_0.phone,
        m1_0.point,
        m1_0.status,
        p1_0.member_type,
        p1_0.order_number,
        p1_0.password,
        pr1_0.id,
        pr1_0.content,
        pr1_0.created_at,
        pr1_0.&amp#27;[32m`member_id`&amp#27;[0m,
        m2_0.id,
        m2_0.age,
        m2_0.birthday,
        m2_0.created_at,
        m2_0.deleted_at,
        m2_0.email,
        m2_0.grade,
        m2_0.last_login_date,
        m2_0.modified_at,
        m2_0.name,
        m2_0.password,
        m2_0.phone,
        m2_0.point,
        m2_0.status,
        pr1_0.member_point,
        pr1_0.remnant_point,
        p1_0.road,
        p1_0.status,
        p1_0.total_price 
    &amp#27;[34mfrom&amp#27;[0m
        purchase p1_0 
    &amp#27;[34mleft&amp#27;[0m &amp#27;[34mjoin&amp#27;[0m
        &amp#27;[32m`member`&amp#27;[0m m1_0 
            &amp#27;[34mon&amp#27;[0m m1_0.id=p1_0.&amp#27;[32m`member_id`&amp#27;[0m 
    &amp#27;[34mleft&amp#27;[0m &amp#27;[34mjoin&amp#27;[0m
        point_record pr1_0 
            &amp#27;[34mon&amp#27;[0m pr1_0.id=p1_0.point_record_id 
    &amp#27;[34mleft&amp#27;[0m &amp#27;[34mjoin&amp#27;[0m
        &amp#27;[32m`member`&amp#27;[0m m2_0 
            &amp#27;[34mon&amp#27;[0m m2_0.id=pr1_0.&amp#27;[32m`member_id`&amp#27;[0m 
    &amp#27;[34mwhere&amp#27;[0m
        p1_0.id=?
2024-06-26T02:18:05.538+09:00 TRACE 38852 --- [3runner-bookstore] [           main] org.hibernate.orm.jdbc.bind              : binding parameter (1:BIGINT) <- [1]
2024-06-26T02:18:05.548+09:00 TRACE 38852 --- [3runner-bookstore] [           main] o.s.t.i.TransactionInterceptor           : Completing transaction for [org.springframework.data.jpa.repository.support.SimpleJpaRepository.delete]
2024-06-26T02:18:05.580+09:00 TRACE 38852 --- [3runner-bookstore] [           main] o.s.t.i.TransactionInterceptor           : Getting transaction for [org.springframework.data.jpa.repository.support.SimpleJpaRepository.delete]
&amp#27;[35m[Hibernate]&amp#27;[0m 
    &amp#27;[34mselect&amp#27;[0m
        p1_0.id,
        p1_0.created_at,
        p1_0.delivery_price,
        m1_0.id,
        m1_0.age,
        m1_0.birthday,
        m1_0.created_at,
        m1_0.deleted_at,
        m1_0.email,
        m1_0.grade,
        m1_0.last_login_date,
        m1_0.modified_at,
        m1_0.name,
        m1_0.password,
        m1_0.phone,
        m1_0.point,
        m1_0.status,
        p1_0.member_type,
        p1_0.order_number,
        p1_0.password,
        pr1_0.id,
        pr1_0.content,
        pr1_0.created_at,
        pr1_0.&amp#27;[32m`member_id`&amp#27;[0m,
        m2_0.id,
        m2_0.age,
        m2_0.birthday,
        m2_0.created_at,
        m2_0.deleted_at,
        m2_0.email,
        m2_0.grade,
        m2_0.last_login_date,
        m2_0.modified_at,
        m2_0.name,
        m2_0.password,
        m2_0.phone,
        m2_0.point,
        m2_0.status,
        pr1_0.member_point,
        pr1_0.remnant_point,
        p1_0.road,
        p1_0.status,
        p1_0.total_price 
    &amp#27;[34mfrom&amp#27;[0m
        purchase p1_0 
    &amp#27;[34mleft&amp#27;[0m &amp#27;[34mjoin&amp#27;[0m
        &amp#27;[32m`member`&amp#27;[0m m1_0 
            &amp#27;[34mon&amp#27;[0m m1_0.id=p1_0.&amp#27;[32m`member_id`&amp#27;[0m 
    &amp#27;[34mleft&amp#27;[0m &amp#27;[34mjoin&amp#27;[0m
        point_record pr1_0 
            &amp#27;[34mon&amp#27;[0m pr1_0.id=p1_0.point_record_id 
    &amp#27;[34mleft&amp#27;[0m &amp#27;[34mjoin&amp#27;[0m
        &amp#27;[32m`member`&amp#27;[0m m2_0 
            &amp#27;[34mon&amp#27;[0m m2_0.id=pr1_0.&amp#27;[32m`member_id`&amp#27;[0m 
    &amp#27;[34mwhere&amp#27;[0m
        p1_0.id=?
2024-06-26T02:18:05.581+09:00 TRACE 38852 --- [3runner-bookstore] [           main] org.hibernate.orm.jdbc.bind              : binding parameter (1:BIGINT) <- [2]
2024-06-26T02:18:05.591+09:00 TRACE 38852 --- [3runner-bookstore] [           main] o.s.t.i.TransactionInterceptor           : Completing transaction for [org.springframework.data.jpa.repository.support.SimpleJpaRepository.delete]
2024-06-26T02:18:05.647+09:00 TRACE 38852 --- [3runner-bookstore] [           main] o.s.t.i.TransactionInterceptor           : Getting transaction for [org.springframework.data.jpa.repository.support.SimpleJpaRepository.delete]
&amp#27;[35m[Hibernate]&amp#27;[0m 
    &amp#27;[34mselect&amp#27;[0m
        p1_0.id,
        p1_0.created_at,
        p1_0.delivery_price,
        m1_0.id,
        m1_0.age,
        m1_0.birthday,
        m1_0.created_at,
        m1_0.deleted_at,
        m1_0.email,
        m1_0.grade,
        m1_0.last_login_date,
        m1_0.modified_at,
        m1_0.name,
        m1_0.password,
        m1_0.phone,
        m1_0.point,
        m1_0.status,
        p1_0.member_type,
        p1_0.order_number,
        p1_0.password,
        pr1_0.id,
        pr1_0.content,
        pr1_0.created_at,
        pr1_0.&amp#27;[32m`member_id`&amp#27;[0m,
        m2_0.id,
        m2_0.age,
        m2_0.birthday,
        m2_0.created_at,
        m2_0.deleted_at,
        m2_0.email,
        m2_0.grade,
        m2_0.last_login_date,
        m2_0.modified_at,
        m2_0.name,
        m2_0.password,
        m2_0.phone,
        m2_0.point,
        m2_0.status,
        pr1_0.member_point,
        pr1_0.remnant_point,
        p1_0.road,
        p1_0.status,
        p1_0.total_price 
    &amp#27;[34mfrom&amp#27;[0m
        purchase p1_0 
    &amp#27;[34mleft&amp#27;[0m &amp#27;[34mjoin&amp#27;[0m
        &amp#27;[32m`member`&amp#27;[0m m1_0 
            &amp#27;[34mon&amp#27;[0m m1_0.id=p1_0.&amp#27;[32m`member_id`&amp#27;[0m 
    &amp#27;[34mleft&amp#27;[0m &amp#27;[34mjoin&amp#27;[0m
        point_record pr1_0 
            &amp#27;[34mon&amp#27;[0m pr1_0.id=p1_0.point_record_id 
    &amp#27;[34mleft&amp#27;[0m &amp#27;[34mjoin&amp#27;[0m
        &amp#27;[32m`member`&amp#27;[0m m2_0 
            &amp#27;[34mon&amp#27;[0m m2_0.id=pr1_0.&amp#27;[32m`member_id`&amp#27;[0m 
    &amp#27;[34mwhere&amp#27;[0m
        p1_0.id=?
2024-06-26T02:18:05.648+09:00 TRACE 38852 --- [3runner-bookstore] [           main] org.hibernate.orm.jdbc.bind              : binding parameter (1:BIGINT) <- [3]
2024-06-26T02:18:05.659+09:00 TRACE 38852 --- [3runner-bookstore] [           main] o.s.t.i.TransactionInterceptor           : Completing transaction for [org.springframework.data.jpa.repository.support.SimpleJpaRepository.delete]
2024-06-26T02:18:05.689+09:00 TRACE 38852 --- [3runner-bookstore] [           main] o.s.t.i.TransactionInterceptor           : Getting transaction for [org.springframework.data.jpa.repository.support.SimpleJpaRepository.delete]
&amp#27;[35m[Hibernate]&amp#27;[0m 
    &amp#27;[34mselect&amp#27;[0m
        p1_0.id,
        p1_0.created_at,
        p1_0.delivery_price,
        m1_0.id,
        m1_0.age,
        m1_0.birthday,
        m1_0.created_at,
        m1_0.deleted_at,
        m1_0.email,
        m1_0.grade,
        m1_0.last_login_date,
        m1_0.modified_at,
        m1_0.name,
        m1_0.password,
        m1_0.phone,
        m1_0.point,
        m1_0.status,
        p1_0.member_type,
        p1_0.order_number,
        p1_0.password,
        pr1_0.id,
        pr1_0.content,
        pr1_0.created_at,
        pr1_0.&amp#27;[32m`member_id`&amp#27;[0m,
        m2_0.id,
        m2_0.age,
        m2_0.birthday,
        m2_0.created_at,
        m2_0.deleted_at,
        m2_0.email,
        m2_0.grade,
        m2_0.last_login_date,
        m2_0.modified_at,
        m2_0.name,
        m2_0.password,
        m2_0.phone,
        m2_0.point,
        m2_0.status,
        pr1_0.member_point,
        pr1_0.remnant_point,
        p1_0.road,
        p1_0.status,
        p1_0.total_price 
    &amp#27;[34mfrom&amp#27;[0m
        purchase p1_0 
    &amp#27;[34mleft&amp#27;[0m &amp#27;[34mjoin&amp#27;[0m
        &amp#27;[32m`member`&amp#27;[0m m1_0 
            &amp#27;[34mon&amp#27;[0m m1_0.id=p1_0.&amp#27;[32m`member_id`&amp#27;[0m 
    &amp#27;[34mleft&amp#27;[0m &amp#27;[34mjoin&amp#27;[0m
        point_record pr1_0 
            &amp#27;[34mon&amp#27;[0m pr1_0.id=p1_0.point_record_id 
    &amp#27;[34mleft&amp#27;[0m &amp#27;[34mjoin&amp#27;[0m
        &amp#27;[32m`member`&amp#27;[0m m2_0 
            &amp#27;[34mon&amp#27;[0m m2_0.id=pr1_0.&amp#27;[32m`member_id`&amp#27;[0m 
    &amp#27;[34mwhere&amp#27;[0m
        p1_0.id=?
2024-06-26T02:18:05.690+09:00 TRACE 38852 --- [3runner-bookstore] [           main] org.hibernate.orm.jdbc.bind              : binding parameter (1:BIGINT) <- [4]
2024-06-26T02:18:05.725+09:00 TRACE 38852 --- [3runner-bookstore] [           main] o.s.t.i.TransactionInterceptor           : Completing transaction for [org.springframework.data.jpa.repository.support.SimpleJpaRepository.delete]
]]></system-out>
  </testcase>
</testsuite>